{"/home/travis/build/npmtest/node-npmtest-instagram-api/test.js":{"path":"/home/travis/build/npmtest/node-npmtest-instagram-api/test.js","s":{"1":2,"2":2,"3":2,"4":2,"5":2,"6":2,"7":2,"8":1,"9":2,"10":2,"11":1,"12":1,"13":1,"14":1,"15":2,"16":2,"17":2,"18":2,"19":1,"20":1,"21":2,"22":2,"23":2,"24":1,"25":1,"26":1,"27":1,"28":1,"29":1,"30":1,"31":1,"32":1,"33":1,"34":1,"35":1,"36":1,"37":1,"38":1,"39":2,"40":2,"41":1,"42":2,"43":2,"44":1,"45":2,"46":2,"47":1,"48":2,"49":2,"50":1,"51":1,"52":1,"53":1,"54":1},"b":{"1":[2,1,1,1],"2":[1,1,1,1],"3":[1,1],"4":[1,1],"5":[1,1],"6":[1,1],"7":[1,1],"8":[1,1],"9":[1,1],"10":[1,1,1],"11":[1,1],"12":[1,1],"13":[1,1],"14":[1,1],"15":[1,1],"16":[1,1],"17":[1,1]},"f":{"1":2,"2":2,"3":2,"4":2,"5":2,"6":1,"7":1,"8":1,"9":2,"10":2,"11":2,"12":2,"13":1},"fnMap":{"1":{"name":"(anonymous_1)","line":12,"loc":{"start":{"line":12,"column":1},"end":{"line":12,"column":13}}},"2":{"name":"(anonymous_2)","line":19,"loc":{"start":{"line":19,"column":5},"end":{"line":19,"column":17}}},"3":{"name":"(anonymous_3)","line":23,"loc":{"start":{"line":23,"column":24},"end":{"line":23,"column":36}}},"4":{"name":"(anonymous_4)","line":61,"loc":{"start":{"line":61,"column":5},"end":{"line":61,"column":17}}},"5":{"name":"(anonymous_5)","line":82,"loc":{"start":{"line":82,"column":5},"end":{"line":82,"column":17}}},"6":{"name":"(anonymous_6)","line":91,"loc":{"start":{"line":91,"column":77},"end":{"line":94,"column":10}}},"7":{"name":"(anonymous_7)","line":112,"loc":{"start":{"line":112,"column":83},"end":{"line":115,"column":10}},"skip":true},"8":{"name":"(anonymous_8)","line":123,"loc":{"start":{"line":123,"column":77},"end":{"line":126,"column":10}},"skip":true},"9":{"name":"(anonymous_9)","line":139,"loc":{"start":{"line":139,"column":12},"end":{"line":139,"column":40}},"skip":true},"10":{"name":"(anonymous_10)","line":147,"loc":{"start":{"line":147,"column":77},"end":{"line":150,"column":10}},"skip":true},"11":{"name":"(anonymous_11)","line":158,"loc":{"start":{"line":158,"column":83},"end":{"line":161,"column":10}},"skip":true},"12":{"name":"(anonymous_12)","line":169,"loc":{"start":{"line":169,"column":79},"end":{"line":172,"column":10}},"skip":true},"13":{"name":"(anonymous_13)","line":180,"loc":{"start":{"line":180,"column":75},"end":{"line":183,"column":10}},"skip":true}},"statementMap":{"1":{"start":{"line":12,"column":0},"end":{"line":195,"column":5}},"2":{"start":{"line":14,"column":4},"end":{"line":14,"column":14}},"3":{"start":{"line":19,"column":4},"end":{"line":56,"column":9}},"4":{"start":{"line":21,"column":8},"end":{"line":21,"column":19}},"5":{"start":{"line":23,"column":8},"end":{"line":35,"column":13}},"6":{"start":{"line":24,"column":12},"end":{"line":34,"column":13}},"7":{"start":{"line":25,"column":16},"end":{"line":28,"column":30}},"8":{"start":{"line":30,"column":16},"end":{"line":33,"column":27}},"9":{"start":{"line":37,"column":8},"end":{"line":39,"column":21}},"10":{"start":{"line":40,"column":8},"end":{"line":53,"column":9}},"11":{"start":{"line":43,"column":12},"end":{"line":46,"column":14}},"12":{"start":{"line":47,"column":12},"end":{"line":47,"column":18}},"13":{"start":{"line":50,"column":12},"end":{"line":51,"column":46}},"14":{"start":{"line":52,"column":12},"end":{"line":52,"column":18}},"15":{"start":{"line":55,"column":8},"end":{"line":55,"column":35}},"16":{"start":{"line":61,"column":4},"end":{"line":63,"column":9}},"17":{"start":{"line":62,"column":8},"end":{"line":62,"column":15}},"18":{"start":{"line":64,"column":4},"end":{"line":77,"column":5}},"19":{"start":{"line":70,"column":8},"end":{"line":70,"column":14}},"20":{"start":{"line":76,"column":8},"end":{"line":76,"column":14}},"21":{"start":{"line":82,"column":4},"end":{"line":84,"column":9}},"22":{"start":{"line":83,"column":8},"end":{"line":83,"column":15}},"23":{"start":{"line":85,"column":4},"end":{"line":194,"column":5}},"24":{"start":{"line":91,"column":8},"end":{"line":99,"column":10}},"25":{"start":{"line":98,"column":12},"end":{"line":98,"column":35}},"26":{"start":{"line":102,"column":8},"end":{"line":104,"column":63}},"27":{"start":{"line":105,"column":8},"end":{"line":105,"column":14}},"28":{"start":{"line":112,"column":8},"end":{"line":121,"column":10},"skip":true},"29":{"start":{"line":119,"column":12},"end":{"line":119,"column":55},"skip":true},"30":{"start":{"line":120,"column":12},"end":{"line":120,"column":48},"skip":true},"31":{"start":{"line":123,"column":8},"end":{"line":136,"column":10},"skip":true},"32":{"start":{"line":130,"column":12},"end":{"line":130,"column":76},"skip":true},"33":{"start":{"line":131,"column":12},"end":{"line":131,"column":73},"skip":true},"34":{"start":{"line":132,"column":12},"end":{"line":132,"column":74},"skip":true},"35":{"start":{"line":133,"column":12},"end":{"line":133,"column":79},"skip":true},"36":{"start":{"line":134,"column":12},"end":{"line":134,"column":25},"skip":true},"37":{"start":{"line":135,"column":12},"end":{"line":135,"column":45},"skip":true},"38":{"start":{"line":138,"column":8},"end":{"line":145,"column":14},"skip":true},"39":{"start":{"line":143,"column":16},"end":{"line":143,"column":29},"skip":true},"40":{"start":{"line":144,"column":16},"end":{"line":144,"column":55},"skip":true},"41":{"start":{"line":147,"column":8},"end":{"line":156,"column":10},"skip":true},"42":{"start":{"line":154,"column":12},"end":{"line":154,"column":25},"skip":true},"43":{"start":{"line":155,"column":12},"end":{"line":155,"column":45},"skip":true},"44":{"start":{"line":158,"column":8},"end":{"line":167,"column":10},"skip":true},"45":{"start":{"line":165,"column":12},"end":{"line":165,"column":25},"skip":true},"46":{"start":{"line":166,"column":12},"end":{"line":166,"column":48},"skip":true},"47":{"start":{"line":169,"column":8},"end":{"line":178,"column":10},"skip":true},"48":{"start":{"line":176,"column":12},"end":{"line":176,"column":25},"skip":true},"49":{"start":{"line":177,"column":12},"end":{"line":177,"column":46},"skip":true},"50":{"start":{"line":180,"column":8},"end":{"line":189,"column":10},"skip":true},"51":{"start":{"line":187,"column":12},"end":{"line":187,"column":94},"skip":true},"52":{"start":{"line":188,"column":12},"end":{"line":188,"column":48},"skip":true},"53":{"start":{"line":192,"column":8},"end":{"line":192,"column":35},"skip":true},"54":{"start":{"line":193,"column":8},"end":{"line":193,"column":14},"skip":true}},"branchMap":{"1":{"line":25,"type":"binary-expr","locations":[{"start":{"line":25,"column":23},"end":{"line":25,"column":62}},{"start":{"line":26,"column":20},"end":{"line":26,"column":70}},{"start":{"line":27,"column":20},"end":{"line":27,"column":71}},{"start":{"line":28,"column":20},"end":{"line":28,"column":29}}]},"2":{"line":30,"type":"binary-expr","locations":[{"start":{"line":30,"column":23},"end":{"line":30,"column":37}},{"start":{"line":31,"column":20},"end":{"line":31,"column":61}},{"start":{"line":32,"column":20},"end":{"line":32,"column":70}},{"start":{"line":33,"column":20},"end":{"line":33,"column":26}}]},"3":{"line":37,"type":"cond-expr","locations":[{"start":{"line":38,"column":14},"end":{"line":38,"column":20}},{"start":{"line":39,"column":14},"end":{"line":39,"column":20}}]},"4":{"line":40,"type":"switch","locations":[{"start":{"line":42,"column":8},"end":{"line":47,"column":18}},{"start":{"line":49,"column":8},"end":{"line":52,"column":18}}]},"5":{"line":44,"type":"binary-expr","locations":[{"start":{"line":44,"column":16},"end":{"line":44,"column":44}},{"start":{"line":44,"column":48},"end":{"line":44,"column":66}}]},"6":{"line":50,"type":"binary-expr","locations":[{"start":{"line":50,"column":21},"end":{"line":50,"column":49}},{"start":{"line":50,"column":53},"end":{"line":50,"column":72}}]},"7":{"line":64,"type":"switch","locations":[{"start":{"line":69,"column":4},"end":{"line":70,"column":14}},{"start":{"line":75,"column":4},"end":{"line":76,"column":14}}]},"8":{"line":85,"type":"switch","locations":[{"start":{"line":90,"column":4},"end":{"line":105,"column":14}},{"start":{"line":111,"column":4},"end":{"line":193,"column":14},"skip":true}]},"9":{"line":91,"type":"binary-expr","locations":[{"start":{"line":91,"column":42},"end":{"line":91,"column":73}},{"start":{"line":91,"column":77},"end":{"line":99,"column":9}}]},"10":{"line":102,"type":"binary-expr","locations":[{"start":{"line":102,"column":18},"end":{"line":102,"column":32}},{"start":{"line":103,"column":12},"end":{"line":103,"column":53}},{"start":{"line":104,"column":12},"end":{"line":104,"column":61}}]},"11":{"line":112,"type":"binary-expr","locations":[{"start":{"line":112,"column":45},"end":{"line":112,"column":79},"skip":true},{"start":{"line":112,"column":83},"end":{"line":121,"column":9},"skip":true}]},"12":{"line":123,"type":"binary-expr","locations":[{"start":{"line":123,"column":42},"end":{"line":123,"column":73},"skip":true},{"start":{"line":123,"column":77},"end":{"line":136,"column":9},"skip":true}]},"13":{"line":138,"type":"binary-expr","locations":[{"start":{"line":138,"column":48},"end":{"line":138,"column":85},"skip":true},{"start":{"line":139,"column":12},"end":{"line":145,"column":13},"skip":true}]},"14":{"line":147,"type":"binary-expr","locations":[{"start":{"line":147,"column":42},"end":{"line":147,"column":73},"skip":true},{"start":{"line":147,"column":77},"end":{"line":156,"column":9},"skip":true}]},"15":{"line":158,"type":"binary-expr","locations":[{"start":{"line":158,"column":45},"end":{"line":158,"column":79},"skip":true},{"start":{"line":158,"column":83},"end":{"line":167,"column":9},"skip":true}]},"16":{"line":169,"type":"binary-expr","locations":[{"start":{"line":169,"column":43},"end":{"line":169,"column":75},"skip":true},{"start":{"line":169,"column":79},"end":{"line":178,"column":9},"skip":true}]},"17":{"line":180,"type":"binary-expr","locations":[{"start":{"line":180,"column":41},"end":{"line":180,"column":71},"skip":true},{"start":{"line":180,"column":75},"end":{"line":189,"column":9},"skip":true}]}},"code":["/* istanbul instrument in package npmtest_instagram_api */","/*jslint","    bitwise: true,","    browser: true,","    maxerr: 8,","    maxlen: 96,","    node: true,","    nomen: true,","    regexp: true,","    stupid: true","*/","(function () {","    'use strict';","    var local;","","","","    // run shared js-env code - pre-init","    (function () {","        // init local","        local = {};","        // init modeJs","        local.modeJs = (function () {","            try {","                return typeof navigator.userAgent === 'string' &&","                    typeof document.querySelector('body') === 'object' &&","                    typeof XMLHttpRequest.prototype.open === 'function' &&","                    'browser';","            } catch (errorCaughtBrowser) {","                return module.exports &&","                    typeof process.versions.node === 'string' &&","                    typeof require('http').createServer === 'function' &&","                    'node';","            }","        }());","        // init global","        local.global = local.modeJs === 'browser'","            ? window","            : global;","        switch (local.modeJs) {","        // re-init local from window.local","        case 'browser':","            local = local.global.utility2.objectSetDefault(","                local.global.utility2_rollup || local.global.local,","                local.global.utility2","            );","            break;","        // re-init local from example.js","        case 'node':","            local = (local.global.utility2_rollup || require('utility2'))","                .requireExampleJsFromReadme();","            break;","        }","        // export local","        local.global.local = local;","    }());","","","","    // run shared js-env code - function","    (function () {","        return;","    }());","    switch (local.modeJs) {","","","","    // run browser js-env code - function","    case 'browser':","        break;","","","","    // run node js-env code - function","    case 'node':","        break;","    }","","","","    // run shared js-env code - post-init","    (function () {","        return;","    }());","    switch (local.modeJs) {","","","","    // run browser js-env code - post-init","    case 'browser':","        local.testCase_browser_nullCase = local.testCase_browser_nullCase || function (","            options,","            onError","        ) {","        /*","         * this function will test browsers's null-case handling-behavior-behavior","         */","            onError(null, options);","        };","","        // run tests","        local.nop(local.modeTest &&","            document.querySelector('#testRunButton1') &&","            document.querySelector('#testRunButton1').click());","        break;","","","","    // run node js-env code - post-init","    /* istanbul ignore next */","    case 'node':","        local.testCase_buildApidoc_default = local.testCase_buildApidoc_default || function (","            options,","            onError","        ) {","        /*","         * this function will test buildApidoc's default handling-behavior-behavior","         */","            options = { modulePathList: module.paths };","            local.buildApidoc(options, onError);","        };","","        local.testCase_buildApp_default = local.testCase_buildApp_default || function (","            options,","            onError","        ) {","        /*","         * this function will test buildApp's default handling-behavior-behavior","         */","            local.testCase_buildReadme_default(options, local.onErrorThrow);","            local.testCase_buildLib_default(options, local.onErrorThrow);","            local.testCase_buildTest_default(options, local.onErrorThrow);","            local.testCase_buildCustomOrg_default(options, local.onErrorThrow);","            options = [];","            local.buildApp(options, onError);","        };","","        local.testCase_buildCustomOrg_default = local.testCase_buildCustomOrg_default ||","            function (options, onError) {","            /*","             * this function will test buildCustomOrg's default handling-behavior","             */","                options = {};","                local.buildCustomOrg(options, onError);","            };","","        local.testCase_buildLib_default = local.testCase_buildLib_default || function (","            options,","            onError","        ) {","        /*","         * this function will test buildLib's default handling-behavior","         */","            options = {};","            local.buildLib(options, onError);","        };","","        local.testCase_buildReadme_default = local.testCase_buildReadme_default || function (","            options,","            onError","        ) {","        /*","         * this function will test buildReadme's default handling-behavior-behavior","         */","            options = {};","            local.buildReadme(options, onError);","        };","","        local.testCase_buildTest_default = local.testCase_buildTest_default || function (","            options,","            onError","        ) {","        /*","         * this function will test buildTest's default handling-behavior","         */","            options = {};","            local.buildTest(options, onError);","        };","","        local.testCase_webpage_default = local.testCase_webpage_default || function (","            options,","            onError","        ) {","        /*","         * this function will test webpage's default handling-behavior","         */","            options = { modeCoverageMerge: true, url: local.serverLocalHost + '?modeTest=1' };","            local.browserTest(options, onError);","        };","","        // run test-server","        local.testRunServer(local);","        break;","    }","}());",""],"l":{"12":2,"14":2,"19":2,"21":2,"23":2,"24":2,"25":2,"30":1,"37":2,"40":2,"43":1,"47":1,"50":1,"52":1,"55":2,"61":2,"62":2,"64":2,"70":1,"76":1,"82":2,"83":2,"85":2,"91":1,"98":1,"102":1,"105":1,"112":1,"119":1,"120":1,"123":1,"130":1,"131":1,"132":1,"133":1,"134":1,"135":1,"138":1,"143":2,"144":2,"147":1,"154":2,"155":2,"158":1,"165":2,"166":2,"169":1,"176":2,"177":2,"180":1,"187":1,"188":1,"192":1,"193":1}},"/home/travis/build/npmtest/node-npmtest-instagram-api/lib.npmtest_instagram_api.js":{"path":"/home/travis/build/npmtest/node-npmtest-instagram-api/lib.npmtest_instagram_api.js","s":{"1":2,"2":2,"3":2,"4":2,"5":2,"6":2,"7":2,"8":1,"9":2,"10":2,"11":2,"12":2,"13":1,"14":1,"15":1,"16":1},"b":{"1":[2,1,1,1],"2":[1,1,1,1],"3":[1,1],"4":[2,2],"5":[1,1]},"f":{"1":2,"2":2,"3":2},"fnMap":{"1":{"name":"(anonymous_1)","line":12,"loc":{"start":{"line":12,"column":1},"end":{"line":12,"column":13}}},"2":{"name":"(anonymous_2)","line":19,"loc":{"start":{"line":19,"column":5},"end":{"line":19,"column":17}}},"3":{"name":"(anonymous_3)","line":23,"loc":{"start":{"line":23,"column":24},"end":{"line":23,"column":36}}}},"statementMap":{"1":{"start":{"line":12,"column":0},"end":{"line":53,"column":5}},"2":{"start":{"line":14,"column":4},"end":{"line":14,"column":14}},"3":{"start":{"line":19,"column":4},"end":{"line":52,"column":9}},"4":{"start":{"line":21,"column":8},"end":{"line":21,"column":19}},"5":{"start":{"line":23,"column":8},"end":{"line":35,"column":13}},"6":{"start":{"line":24,"column":12},"end":{"line":34,"column":13}},"7":{"start":{"line":25,"column":16},"end":{"line":28,"column":30}},"8":{"start":{"line":30,"column":16},"end":{"line":33,"column":27}},"9":{"start":{"line":37,"column":8},"end":{"line":39,"column":21}},"10":{"start":{"line":41,"column":8},"end":{"line":41,"column":54}},"11":{"start":{"line":43,"column":8},"end":{"line":43,"column":58}},"12":{"start":{"line":45,"column":8},"end":{"line":51,"column":9}},"13":{"start":{"line":46,"column":12},"end":{"line":46,"column":64}},"14":{"start":{"line":48,"column":12},"end":{"line":48,"column":35}},"15":{"start":{"line":49,"column":12},"end":{"line":49,"column":49}},"16":{"start":{"line":50,"column":12},"end":{"line":50,"column":43}}},"branchMap":{"1":{"line":25,"type":"binary-expr","locations":[{"start":{"line":25,"column":23},"end":{"line":25,"column":62}},{"start":{"line":26,"column":20},"end":{"line":26,"column":70}},{"start":{"line":27,"column":20},"end":{"line":27,"column":71}},{"start":{"line":28,"column":20},"end":{"line":28,"column":29}}]},"2":{"line":30,"type":"binary-expr","locations":[{"start":{"line":30,"column":23},"end":{"line":30,"column":37}},{"start":{"line":31,"column":20},"end":{"line":31,"column":61}},{"start":{"line":32,"column":20},"end":{"line":32,"column":70}},{"start":{"line":33,"column":20},"end":{"line":33,"column":26}}]},"3":{"line":37,"type":"cond-expr","locations":[{"start":{"line":38,"column":14},"end":{"line":38,"column":20}},{"start":{"line":39,"column":14},"end":{"line":39,"column":20}}]},"4":{"line":41,"type":"binary-expr","locations":[{"start":{"line":41,"column":16},"end":{"line":41,"column":44}},{"start":{"line":41,"column":48},"end":{"line":41,"column":53}}]},"5":{"line":45,"type":"if","locations":[{"start":{"line":45,"column":8},"end":{"line":45,"column":8}},{"start":{"line":45,"column":8},"end":{"line":45,"column":8}}]}},"code":["/* istanbul instrument in package npmtest_instagram_api */","/*jslint","    bitwise: true,","    browser: true,","    maxerr: 8,","    maxlen: 96,","    node: true,","    nomen: true,","    regexp: true,","    stupid: true","*/","(function () {","    'use strict';","    var local;","","","","    // run shared js-env code - pre-init","    (function () {","        // init local","        local = {};","        // init modeJs","        local.modeJs = (function () {","            try {","                return typeof navigator.userAgent === 'string' &&","                    typeof document.querySelector('body') === 'object' &&","                    typeof XMLHttpRequest.prototype.open === 'function' &&","                    'browser';","            } catch (errorCaughtBrowser) {","                return module.exports &&","                    typeof process.versions.node === 'string' &&","                    typeof require('http').createServer === 'function' &&","                    'node';","            }","        }());","        // init global","        local.global = local.modeJs === 'browser'","            ? window","            : global;","        // init utility2_rollup","        local = local.global.utility2_rollup || local;","        // init lib","        local.local = local.npmtest_instagram_api = local;","        // init exports","        if (local.modeJs === 'browser') {","            local.global.utility2_npmtest_instagram_api = local;","        } else {","            module.exports = local;","            module.exports.__dirname = __dirname;","            module.exports.module = module;","        }","    }());","}());",""],"l":{"12":2,"14":2,"19":2,"21":2,"23":2,"24":2,"25":2,"30":1,"37":2,"41":2,"43":2,"45":2,"46":1,"48":1,"49":1,"50":1}},"/home/travis/build/npmtest/node-npmtest-instagram-api/example.js":{"path":"/home/travis/build/npmtest/node-npmtest-instagram-api/example.js","s":{"1":2,"2":2,"3":2,"4":2,"5":2,"6":2,"7":2,"8":1,"9":2,"10":2,"11":2,"12":2,"13":1,"14":2,"15":2,"16":2,"17":2,"18":2,"19":0,"20":2,"21":1,"22":1,"23":1,"24":1,"25":1,"26":0,"27":0,"28":1,"29":1,"30":2,"31":0,"32":0,"33":0,"34":1,"35":2,"36":2,"37":3,"38":3,"39":3,"40":3,"41":0,"42":3,"43":3,"44":3,"45":1,"46":3,"47":1,"48":1,"49":1,"50":1,"51":1,"52":1,"53":1,"54":1,"55":1,"56":1,"57":0,"58":1,"59":6,"60":6,"61":1,"62":2,"63":0,"64":2,"65":1,"66":1,"67":0,"68":0,"69":0,"70":0,"71":0,"72":0,"73":0,"74":0,"75":0,"76":0,"77":0,"78":0,"79":0,"80":0,"81":0,"82":0,"83":0},"b":{"1":[2,1,1,1],"2":[1,1,1,1],"3":[1,1],"4":[2,2],"5":[1,1],"6":[1,1],"7":[2,0],"8":[2,1,1,1,1,1],"9":[0,2,0],"10":[1,1],"11":[2,1,1],"12":[1,0],"13":[0,2],"14":[2,0,0,0,0,0,0],"15":[0,3],"16":[3,0],"17":[1,1],"18":[0,1],"19":[1,2,0,2],"20":[1,0],"21":[1,1],"22":[0,0],"23":[0,0],"24":[0,0],"25":[0,0],"26":[0,0],"27":[0,0],"28":[0,0]},"f":{"1":2,"2":2,"3":2,"4":2,"5":2,"6":2,"7":3,"8":3,"9":3,"10":1,"11":6,"12":0},"fnMap":{"1":{"name":"(anonymous_1)","line":26,"loc":{"start":{"line":26,"column":1},"end":{"line":26,"column":13}}},"2":{"name":"(anonymous_2)","line":33,"loc":{"start":{"line":33,"column":5},"end":{"line":33,"column":17}}},"3":{"name":"(anonymous_3)","line":37,"loc":{"start":{"line":37,"column":24},"end":{"line":37,"column":36}}},"4":{"name":"(anonymous_4)","line":69,"loc":{"start":{"line":69,"column":31},"end":{"line":69,"column":48}},"skip":true},"5":{"name":"(anonymous_5)","line":78,"loc":{"start":{"line":78,"column":26},"end":{"line":78,"column":45}},"skip":true},"6":{"name":"(anonymous_6)","line":123,"loc":{"start":{"line":123,"column":33},"end":{"line":123,"column":48}},"skip":true},"7":{"name":"(anonymous_7)","line":125,"loc":{"start":{"line":125,"column":27},"end":{"line":125,"column":39}},"skip":true},"8":{"name":"(anonymous_8)","line":133,"loc":{"start":{"line":133,"column":59},"end":{"line":133,"column":74}},"skip":true},"9":{"name":"(anonymous_9)","line":143,"loc":{"start":{"line":143,"column":45},"end":{"line":143,"column":62}},"skip":true},"10":{"name":"(anonymous_10)","line":144,"loc":{"start":{"line":144,"column":73},"end":{"line":144,"column":92}},"skip":true},"11":{"name":"(anonymous_11)","line":272,"loc":{"start":{"line":272,"column":51},"end":{"line":272,"column":77}},"skip":true},"12":{"name":"(anonymous_12)","line":315,"loc":{"start":{"line":315,"column":32},"end":{"line":315,"column":61}},"skip":true}},"statementMap":{"1":{"start":{"line":26,"column":0},"end":{"line":326,"column":5}},"2":{"start":{"line":28,"column":4},"end":{"line":28,"column":14}},"3":{"start":{"line":33,"column":4},"end":{"line":60,"column":9}},"4":{"start":{"line":35,"column":8},"end":{"line":35,"column":19}},"5":{"start":{"line":37,"column":8},"end":{"line":49,"column":13}},"6":{"start":{"line":38,"column":12},"end":{"line":48,"column":13}},"7":{"start":{"line":39,"column":16},"end":{"line":42,"column":30}},"8":{"start":{"line":44,"column":16},"end":{"line":47,"column":27}},"9":{"start":{"line":51,"column":8},"end":{"line":53,"column":21}},"10":{"start":{"line":55,"column":8},"end":{"line":57,"column":45}},"11":{"start":{"line":59,"column":8},"end":{"line":59,"column":35}},"12":{"start":{"line":61,"column":4},"end":{"line":325,"column":5}},"13":{"start":{"line":69,"column":8},"end":{"line":121,"column":10},"skip":true},"14":{"start":{"line":70,"column":12},"end":{"line":88,"column":13},"skip":true},"15":{"start":{"line":76,"column":16},"end":{"line":87,"column":19},"skip":true},"16":{"start":{"line":79,"column":20},"end":{"line":86,"column":21},"skip":true},"17":{"start":{"line":82,"column":24},"end":{"line":82,"column":43},"skip":true},"18":{"start":{"line":83,"column":24},"end":{"line":83,"column":30},"skip":true},"19":{"start":{"line":85,"column":24},"end":{"line":85,"column":49},"skip":true},"20":{"start":{"line":89,"column":12},"end":{"line":107,"column":13},"skip":true},"21":{"start":{"line":92,"column":16},"end":{"line":102,"column":17},"skip":true},"22":{"start":{"line":93,"column":20},"end":{"line":93,"column":86},"skip":true},"23":{"start":{"line":94,"column":20},"end":{"line":95,"column":45},"skip":true},"24":{"start":{"line":96,"column":20},"end":{"line":96,"column":42},"skip":true},"25":{"start":{"line":97,"column":20},"end":{"line":97,"column":48},"skip":true},"26":{"start":{"line":100,"column":20},"end":{"line":100,"column":85},"skip":true},"27":{"start":{"line":101,"column":20},"end":{"line":101,"column":96},"skip":true},"28":{"start":{"line":103,"column":16},"end":{"line":103,"column":22},"skip":true},"29":{"start":{"line":106,"column":16},"end":{"line":106,"column":22},"skip":true},"30":{"start":{"line":108,"column":12},"end":{"line":120,"column":13},"skip":true},"31":{"start":{"line":114,"column":16},"end":{"line":119,"column":17},"skip":true},"32":{"start":{"line":116,"column":20},"end":{"line":116,"column":78},"skip":true},"33":{"start":{"line":118,"column":20},"end":{"line":118,"column":47},"skip":true},"34":{"start":{"line":123,"column":8},"end":{"line":141,"column":11},"skip":true},"35":{"start":{"line":124,"column":12},"end":{"line":124,"column":54},"skip":true},"36":{"start":{"line":125,"column":12},"end":{"line":140,"column":14},"skip":true},"37":{"start":{"line":126,"column":16},"end":{"line":126,"column":28},"skip":true},"38":{"start":{"line":127,"column":16},"end":{"line":127,"column":69},"skip":true},"39":{"start":{"line":128,"column":16},"end":{"line":128,"column":75},"skip":true},"40":{"start":{"line":129,"column":16},"end":{"line":131,"column":17},"skip":true},"41":{"start":{"line":130,"column":20},"end":{"line":130,"column":27},"skip":true},"42":{"start":{"line":133,"column":16},"end":{"line":137,"column":36},"skip":true},"43":{"start":{"line":134,"column":20},"end":{"line":136,"column":55},"skip":true},"44":{"start":{"line":139,"column":16},"end":{"line":139,"column":57},"skip":true},"45":{"start":{"line":143,"column":8},"end":{"line":147,"column":11},"skip":true},"46":{"start":{"line":144,"column":12},"end":{"line":146,"column":15},"skip":true},"47":{"start":{"line":145,"column":16},"end":{"line":145,"column":70},"skip":true},"48":{"start":{"line":149,"column":8},"end":{"line":149,"column":31},"skip":true},"49":{"start":{"line":150,"column":8},"end":{"line":150,"column":14},"skip":true},"50":{"start":{"line":158,"column":8},"end":{"line":158,"column":31},"skip":true},"51":{"start":{"line":160,"column":8},"end":{"line":160,"column":33},"skip":true},"52":{"start":{"line":161,"column":8},"end":{"line":161,"column":37},"skip":true},"53":{"start":{"line":162,"column":8},"end":{"line":162,"column":35},"skip":true},"54":{"start":{"line":164,"column":8},"end":{"line":164,"column":50},"skip":true},"55":{"start":{"line":166,"column":8},"end":{"line":256,"column":2},"skip":true},"56":{"start":{"line":258,"column":8},"end":{"line":286,"column":9},"skip":true},"57":{"start":{"line":259,"column":12},"end":{"line":269,"column":14},"skip":true},"58":{"start":{"line":271,"column":12},"end":{"line":285,"column":19},"skip":true},"59":{"start":{"line":274,"column":20},"end":{"line":274,"column":35},"skip":true},"60":{"start":{"line":275,"column":20},"end":{"line":284,"column":21},"skip":true},"61":{"start":{"line":277,"column":24},"end":{"line":277,"column":64},"skip":true},"62":{"start":{"line":279,"column":24},"end":{"line":279,"column":40},"skip":true},"63":{"start":{"line":281,"column":24},"end":{"line":281,"column":40},"skip":true},"64":{"start":{"line":283,"column":24},"end":{"line":283,"column":39},"skip":true},"65":{"start":{"line":288,"column":8},"end":{"line":290,"column":9},"skip":true},"66":{"start":{"line":289,"column":12},"end":{"line":289,"column":18},"skip":true},"67":{"start":{"line":291,"column":8},"end":{"line":293,"column":54},"skip":true},"68":{"start":{"line":296,"column":8},"end":{"line":301,"column":37},"skip":true},"69":{"start":{"line":303,"column":8},"end":{"line":303,"column":82},"skip":true},"70":{"start":{"line":306,"column":8},"end":{"line":308,"column":9},"skip":true},"71":{"start":{"line":307,"column":12},"end":{"line":307,"column":82},"skip":true},"72":{"start":{"line":310,"column":8},"end":{"line":312,"column":9},"skip":true},"73":{"start":{"line":311,"column":12},"end":{"line":311,"column":18},"skip":true},"74":{"start":{"line":313,"column":8},"end":{"line":313,"column":54},"skip":true},"75":{"start":{"line":314,"column":8},"end":{"line":314,"column":69},"skip":true},"76":{"start":{"line":315,"column":8},"end":{"line":323,"column":36},"skip":true},"77":{"start":{"line":316,"column":12},"end":{"line":316,"column":61},"skip":true},"78":{"start":{"line":317,"column":12},"end":{"line":320,"column":13},"skip":true},"79":{"start":{"line":318,"column":16},"end":{"line":318,"column":75},"skip":true},"80":{"start":{"line":319,"column":16},"end":{"line":319,"column":23},"skip":true},"81":{"start":{"line":321,"column":12},"end":{"line":321,"column":38},"skip":true},"82":{"start":{"line":322,"column":12},"end":{"line":322,"column":27},"skip":true},"83":{"start":{"line":324,"column":8},"end":{"line":324,"column":14},"skip":true}},"branchMap":{"1":{"line":39,"type":"binary-expr","locations":[{"start":{"line":39,"column":23},"end":{"line":39,"column":62}},{"start":{"line":40,"column":20},"end":{"line":40,"column":70}},{"start":{"line":41,"column":20},"end":{"line":41,"column":71}},{"start":{"line":42,"column":20},"end":{"line":42,"column":29}}]},"2":{"line":44,"type":"binary-expr","locations":[{"start":{"line":44,"column":23},"end":{"line":44,"column":37}},{"start":{"line":45,"column":20},"end":{"line":45,"column":61}},{"start":{"line":46,"column":20},"end":{"line":46,"column":70}},{"start":{"line":47,"column":20},"end":{"line":47,"column":26}}]},"3":{"line":51,"type":"cond-expr","locations":[{"start":{"line":52,"column":14},"end":{"line":52,"column":20}},{"start":{"line":53,"column":14},"end":{"line":53,"column":20}}]},"4":{"line":55,"type":"binary-expr","locations":[{"start":{"line":55,"column":16},"end":{"line":55,"column":44}},{"start":{"line":55,"column":49},"end":{"line":57,"column":43}}]},"5":{"line":55,"type":"cond-expr","locations":[{"start":{"line":56,"column":14},"end":{"line":56,"column":57}},{"start":{"line":57,"column":14},"end":{"line":57,"column":43}}]},"6":{"line":61,"type":"switch","locations":[{"start":{"line":68,"column":4},"end":{"line":150,"column":14},"skip":true},{"start":{"line":156,"column":4},"end":{"line":324,"column":14},"skip":true}]},"7":{"line":70,"type":"if","locations":[{"start":{"line":70,"column":12},"end":{"line":70,"column":12},"skip":true},{"start":{"line":70,"column":12},"end":{"line":70,"column":12},"skip":true}]},"8":{"line":70,"type":"binary-expr","locations":[{"start":{"line":70,"column":16},"end":{"line":70,"column":22},"skip":true},{"start":{"line":70,"column":27},"end":{"line":70,"column":32},"skip":true},{"start":{"line":71,"column":20},"end":{"line":71,"column":39},"skip":true},{"start":{"line":72,"column":20},"end":{"line":72,"column":49},"skip":true},{"start":{"line":73,"column":20},"end":{"line":73,"column":58},"skip":true},{"start":{"line":74,"column":20},"end":{"line":74,"column":69},"skip":true}]},"9":{"line":79,"type":"switch","locations":[{"start":{"line":80,"column":20},"end":{"line":80,"column":33},"skip":true},{"start":{"line":81,"column":20},"end":{"line":83,"column":30},"skip":true},{"start":{"line":84,"column":20},"end":{"line":85,"column":49},"skip":true}]},"10":{"line":89,"type":"switch","locations":[{"start":{"line":90,"column":12},"end":{"line":103,"column":22},"skip":true},{"start":{"line":105,"column":12},"end":{"line":106,"column":22},"skip":true}]},"11":{"line":89,"type":"binary-expr","locations":[{"start":{"line":89,"column":20},"end":{"line":89,"column":25},"skip":true},{"start":{"line":89,"column":29},"end":{"line":89,"column":48},"skip":true},{"start":{"line":89,"column":52},"end":{"line":89,"column":74},"skip":true}]},"12":{"line":92,"type":"if","locations":[{"start":{"line":92,"column":16},"end":{"line":92,"column":16},"skip":true},{"start":{"line":92,"column":16},"end":{"line":92,"column":16},"skip":true}]},"13":{"line":108,"type":"if","locations":[{"start":{"line":108,"column":12},"end":{"line":108,"column":12},"skip":true},{"start":{"line":108,"column":12},"end":{"line":108,"column":12},"skip":true}]},"14":{"line":108,"type":"binary-expr","locations":[{"start":{"line":108,"column":16},"end":{"line":108,"column":61},"skip":true},{"start":{"line":108,"column":66},"end":{"line":108,"column":72},"skip":true},{"start":{"line":108,"column":77},"end":{"line":108,"column":82},"skip":true},{"start":{"line":109,"column":20},"end":{"line":109,"column":39},"skip":true},{"start":{"line":110,"column":20},"end":{"line":110,"column":49},"skip":true},{"start":{"line":111,"column":20},"end":{"line":111,"column":58},"skip":true},{"start":{"line":112,"column":20},"end":{"line":112,"column":68},"skip":true}]},"15":{"line":129,"type":"if","locations":[{"start":{"line":129,"column":16},"end":{"line":129,"column":16},"skip":true},{"start":{"line":129,"column":16},"end":{"line":129,"column":16},"skip":true}]},"16":{"line":134,"type":"cond-expr","locations":[{"start":{"line":135,"column":26},"end":{"line":135,"column":29},"skip":true},{"start":{"line":136,"column":26},"end":{"line":136,"column":54},"skip":true}]},"17":{"line":164,"type":"binary-expr","locations":[{"start":{"line":164,"column":27},"end":{"line":164,"column":43},"skip":true},{"start":{"line":164,"column":47},"end":{"line":164,"column":49},"skip":true}]},"18":{"line":258,"type":"if","locations":[{"start":{"line":258,"column":8},"end":{"line":258,"column":8},"skip":true},{"start":{"line":258,"column":8},"end":{"line":258,"column":8},"skip":true}]},"19":{"line":275,"type":"switch","locations":[{"start":{"line":276,"column":20},"end":{"line":277,"column":64},"skip":true},{"start":{"line":278,"column":20},"end":{"line":279,"column":40},"skip":true},{"start":{"line":280,"column":20},"end":{"line":281,"column":40},"skip":true},{"start":{"line":282,"column":20},"end":{"line":283,"column":39},"skip":true}]},"20":{"line":288,"type":"if","locations":[{"start":{"line":288,"column":8},"end":{"line":288,"column":8},"skip":true},{"start":{"line":288,"column":8},"end":{"line":288,"column":8},"skip":true}]},"21":{"line":288,"type":"binary-expr","locations":[{"start":{"line":288,"column":12},"end":{"line":288,"column":40},"skip":true},{"start":{"line":288,"column":44},"end":{"line":288,"column":67},"skip":true}]},"22":{"line":292,"type":"binary-expr","locations":[{"start":{"line":292,"column":12},"end":{"line":292,"column":50},"skip":true},{"start":{"line":293,"column":12},"end":{"line":293,"column":53},"skip":true}]},"23":{"line":297,"type":"binary-expr","locations":[{"start":{"line":297,"column":12},"end":{"line":297,"column":71},"skip":true},{"start":{"line":298,"column":12},"end":{"line":301,"column":36},"skip":true}]},"24":{"line":303,"type":"binary-expr","locations":[{"start":{"line":303,"column":43},"end":{"line":303,"column":75},"skip":true},{"start":{"line":303,"column":79},"end":{"line":303,"column":81},"skip":true}]},"25":{"line":306,"type":"if","locations":[{"start":{"line":306,"column":8},"end":{"line":306,"column":8},"skip":true},{"start":{"line":306,"column":8},"end":{"line":306,"column":8},"skip":true}]},"26":{"line":310,"type":"if","locations":[{"start":{"line":310,"column":8},"end":{"line":310,"column":8},"skip":true},{"start":{"line":310,"column":8},"end":{"line":310,"column":8},"skip":true}]},"27":{"line":313,"type":"binary-expr","locations":[{"start":{"line":313,"column":27},"end":{"line":313,"column":43},"skip":true},{"start":{"line":313,"column":47},"end":{"line":313,"column":53},"skip":true}]},"28":{"line":317,"type":"if","locations":[{"start":{"line":317,"column":12},"end":{"line":317,"column":12},"skip":true},{"start":{"line":317,"column":12},"end":{"line":317,"column":12},"skip":true}]}},"code":["/*","example.js","","quickstart example","","instruction","    1. save this script as example.js","    2. run the shell command:","        $ npm install npmtest-instagram-api && PORT=8081 node example.js","    3. play with the browser-demo on http://127.0.0.1:8081","*/","","","","/* istanbul instrument in package npmtest_instagram_api */","/*jslint","    bitwise: true,","    browser: true,","    maxerr: 8,","    maxlen: 96,","    node: true,","    nomen: true,","    regexp: true,","    stupid: true","*/","(function () {","    'use strict';","    var local;","","","","    // run shared js-env code - pre-init","    (function () {","        // init local","        local = {};","        // init modeJs","        local.modeJs = (function () {","            try {","                return typeof navigator.userAgent === 'string' &&","                    typeof document.querySelector('body') === 'object' &&","                    typeof XMLHttpRequest.prototype.open === 'function' &&","                    'browser';","            } catch (errorCaughtBrowser) {","                return module.exports &&","                    typeof process.versions.node === 'string' &&","                    typeof require('http').createServer === 'function' &&","                    'node';","            }","        }());","        // init global","        local.global = local.modeJs === 'browser'","            ? window","            : global;","        // init utility2_rollup","        local = local.global.utility2_rollup || (local.modeJs === 'browser'","            ? local.global.utility2_npmtest_instagram_api","            : global.utility2_moduleExports);","        // export local","        local.global.local = local;","    }());","    switch (local.modeJs) {","","","","    // post-init","    // run browser js-env code - post-init","    /* istanbul ignore next */","    case 'browser':","        local.testRunBrowser = function (event) {","            if (!event || (event &&","                    event.currentTarget &&","                    event.currentTarget.className &&","                    event.currentTarget.className.includes &&","                    event.currentTarget.className.includes('onreset'))) {","                // reset output","                Array.from(","                    document.querySelectorAll('body > .resettable')","                ).forEach(function (element) {","                    switch (element.tagName) {","                    case 'INPUT':","                    case 'TEXTAREA':","                        element.value = '';","                        break;","                    default:","                        element.textContent = '';","                    }","                });","            }","            switch (event && event.currentTarget && event.currentTarget.id) {","            case 'testRunButton1':","                // show tests","                if (document.querySelector('#testReportDiv1').style.display === 'none') {","                    document.querySelector('#testReportDiv1').style.display = 'block';","                    document.querySelector('#testRunButton1').textContent =","                        'hide internal test';","                    local.modeTest = true;","                    local.testRunDefault(local);","                // hide tests","                } else {","                    document.querySelector('#testReportDiv1').style.display = 'none';","                    document.querySelector('#testRunButton1').textContent = 'run internal test';","                }","                break;","            // custom-case","            default:","                break;","            }","            if (document.querySelector('#inputTextareaEval1') && (!event || (event &&","                    event.currentTarget &&","                    event.currentTarget.className &&","                    event.currentTarget.className.includes &&","                    event.currentTarget.className.includes('oneval')))) {","                // try to eval input-code","                try {","                    /*jslint evil: true*/","                    eval(document.querySelector('#inputTextareaEval1').value);","                } catch (errorCaught) {","                    console.error(errorCaught);","                }","            }","        };","        // log stderr and stdout to #outputTextareaStdout1","        ['error', 'log'].forEach(function (key) {","            console[key + '_original'] = console[key];","            console[key] = function () {","                var element;","                console[key + '_original'].apply(console, arguments);","                element = document.querySelector('#outputTextareaStdout1');","                if (!element) {","                    return;","                }","                // append text to #outputTextareaStdout1","                element.value += Array.from(arguments).map(function (arg) {","                    return typeof arg === 'string'","                        ? arg","                        : JSON.stringify(arg, null, 4);","                }).join(' ') + '\\n';","                // scroll textarea to bottom","                element.scrollTop = element.scrollHeight;","            };","        });","        // init event-handling","        ['change', 'click', 'keyup'].forEach(function (event) {","            Array.from(document.querySelectorAll('.on' + event)).forEach(function (element) {","                element.addEventListener(event, local.testRunBrowser);","            });","        });","        // run tests","        local.testRunBrowser();","        break;","","","","    // run node js-env code - post-init","    /* istanbul ignore next */","    case 'node':","        // export local","        module.exports = local;","        // require modules","        local.fs = require('fs');","        local.http = require('http');","        local.url = require('url');","        // init assets","        local.assetsDict = local.assetsDict || {};","        /* jslint-ignore-begin */","        local.assetsDict['/assets.index.template.html'] = '\\","<!doctype html>\\n\\","<html lang=\"en\">\\n\\","<head>\\n\\","<meta charset=\"UTF-8\">\\n\\","<meta name=\"viewport\" content=\"width=device-width, initial-scale=1\">\\n\\","<title>{{env.npm_package_name}} (v{{env.npm_package_version}})</title>\\n\\","<style>\\n\\","/*csslint\\n\\","    box-sizing: false,\\n\\","    universal-selector: false\\n\\","*/\\n\\","* {\\n\\","    box-sizing: border-box;\\n\\","}\\n\\","body {\\n\\","    background: #dde;\\n\\","    font-family: Arial, Helvetica, sans-serif;\\n\\","    margin: 2rem;\\n\\","}\\n\\","body > * {\\n\\","    margin-bottom: 1rem;\\n\\","}\\n\\",".utility2FooterDiv {\\n\\","    margin-top: 20px;\\n\\","    text-align: center;\\n\\","}\\n\\","</style>\\n\\","<style>\\n\\","/*csslint\\n\\","*/\\n\\","textarea {\\n\\","    font-family: monospace;\\n\\","    height: 10rem;\\n\\","    width: 100%;\\n\\","}\\n\\","textarea[readonly] {\\n\\","    background: #ddd;\\n\\","}\\n\\","</style>\\n\\","</head>\\n\\","<body>\\n\\","<!-- utility2-comment\\n\\","<div id=\"ajaxProgressDiv1\" style=\"background: #d00; height: 2px; left: 0; margin: 0; padding: 0; position: fixed; top: 0; transition: background 0.5s, width 1.5s; width: 25%;\"></div>\\n\\","utility2-comment -->\\n\\","<h1>\\n\\","<!-- utility2-comment\\n\\","    <a\\n\\","        {{#if env.npm_package_homepage}}\\n\\","        href=\"{{env.npm_package_homepage}}\"\\n\\","        {{/if env.npm_package_homepage}}\\n\\","        target=\"_blank\"\\n\\","    >\\n\\","utility2-comment -->\\n\\","        {{env.npm_package_name}} (v{{env.npm_package_version}})\\n\\","<!-- utility2-comment\\n\\","    </a>\\n\\","utility2-comment -->\\n\\","</h1>\\n\\","<h3>{{env.npm_package_description}}</h3>\\n\\","<!-- utility2-comment\\n\\","<h4><a download href=\"assets.app.js\">download standalone app</a></h4>\\n\\","<button class=\"onclick onreset\" id=\"testRunButton1\">run internal test</button><br>\\n\\","<div id=\"testReportDiv1\" style=\"display: none;\"></div>\\n\\","utility2-comment -->\\n\\","\\n\\","\\n\\","\\n\\","<label>stderr and stdout</label>\\n\\","<textarea class=\"resettable\" id=\"outputTextareaStdout1\" readonly></textarea>\\n\\","<!-- utility2-comment\\n\\","{{#if isRollup}}\\n\\","<script src=\"assets.app.js\"></script>\\n\\","{{#unless isRollup}}\\n\\","utility2-comment -->\\n\\","<script src=\"assets.utility2.rollup.js\"></script>\\n\\","<script src=\"jsonp.utility2._stateInit?callback=window.utility2._stateInit\"></script>\\n\\","<script src=\"assets.npmtest_instagram_api.rollup.js\"></script>\\n\\","<script src=\"assets.example.js\"></script>\\n\\","<script src=\"assets.test.js\"></script>\\n\\","<!-- utility2-comment\\n\\","{{/if isRollup}}\\n\\","utility2-comment -->\\n\\","<div class=\"utility2FooterDiv\">\\n\\","    [ this app was created with\\n\\","    <a href=\"https://github.com/kaizhu256/node-utility2\" target=\"_blank\">utility2</a>\\n\\","    ]\\n\\","</div>\\n\\","</body>\\n\\","</html>\\n\\","';","        /* jslint-ignore-end */","        if (local.templateRender) {","            local.assetsDict['/'] = local.templateRender(","                local.assetsDict['/assets.index.template.html'],","                {","                    env: local.objectSetDefault(local.env, {","                        npm_package_description: 'the greatest app in the world!',","                        npm_package_name: 'my-app',","                        npm_package_nameAlias: 'my_app',","                        npm_package_version: '0.0.1'","                    })","                }","            );","        } else {","            local.assetsDict['/'] = local.assetsDict['/assets.index.template.html']","                .replace((/\\{\\{env\\.(\\w+?)\\}\\}/g), function (match0, match1) {","                    // jslint-hack","                    String(match0);","                    switch (match1) {","                    case 'npm_package_description':","                        return 'the greatest app in the world!';","                    case 'npm_package_name':","                        return 'my-app';","                    case 'npm_package_nameAlias':","                        return 'my_app';","                    case 'npm_package_version':","                        return '0.0.1';","                    }","                });","        }","        // run the cli","        if (local.global.utility2_rollup || module !== require.main) {","            break;","        }","        local.assetsDict['/assets.example.js'] =","            local.assetsDict['/assets.example.js'] ||","            local.fs.readFileSync(__filename, 'utf8');","        // bug-workaround - long $npm_package_buildCustomOrg","        /* jslint-ignore-begin */","        local.assetsDict['/assets.npmtest_instagram_api.rollup.js'] =","            local.assetsDict['/assets.npmtest_instagram_api.rollup.js'] ||","            local.fs.readFileSync(","                local.npmtest_instagram_api.__dirname + '/lib.npmtest_instagram_api.js',","                'utf8'","            ).replace((/^#!/), '//');","        /* jslint-ignore-end */","        local.assetsDict['/favicon.ico'] = local.assetsDict['/favicon.ico'] || '';","        // if $npm_config_timeout_exit exists,","        // then exit this process after $npm_config_timeout_exit ms","        if (Number(process.env.npm_config_timeout_exit)) {","            setTimeout(process.exit, Number(process.env.npm_config_timeout_exit));","        }","        // start server","        if (local.global.utility2_serverHttp1) {","            break;","        }","        process.env.PORT = process.env.PORT || '8081';","        console.error('server starting on port ' + process.env.PORT);","        local.http.createServer(function (request, response) {","            request.urlParsed = local.url.parse(request.url);","            if (local.assetsDict[request.urlParsed.pathname] !== undefined) {","                response.end(local.assetsDict[request.urlParsed.pathname]);","                return;","            }","            response.statusCode = 404;","            response.end();","        }).listen(process.env.PORT);","        break;","    }","}());",""],"l":{"26":2,"28":2,"33":2,"35":2,"37":2,"38":2,"39":2,"44":1,"51":2,"55":2,"59":2,"61":2,"69":1,"70":2,"76":2,"79":2,"82":2,"83":2,"85":1,"89":2,"92":1,"93":1,"94":1,"96":1,"97":1,"100":1,"101":1,"103":1,"106":1,"108":2,"114":1,"116":1,"118":1,"123":1,"124":2,"125":2,"126":3,"127":3,"128":3,"129":3,"130":1,"133":3,"134":3,"139":3,"143":1,"144":3,"145":1,"149":1,"150":1,"158":1,"160":1,"161":1,"162":1,"164":1,"166":1,"258":1,"259":1,"271":1,"274":6,"275":6,"277":1,"279":2,"281":1,"283":2,"288":1,"289":1,"291":1,"296":1,"303":1,"306":1,"307":1,"310":1,"311":1,"313":1,"314":1,"315":1,"316":1,"317":1,"318":1,"319":1,"321":1,"322":1,"324":1}},"/home/travis/build/npmtest/node-npmtest-instagram-api/node_modules/instagram-api/lib/instagram.js":{"path":"/home/travis/build/npmtest/node-npmtest-instagram-api/node_modules/instagram-api/lib/instagram.js","s":{"1":1,"2":0,"3":0,"4":0,"5":0,"6":0,"7":1,"8":0,"9":0,"10":0,"11":0,"12":0,"13":0,"14":0,"15":0,"16":0,"17":0,"18":0,"19":0,"20":0,"21":0,"22":0,"23":0,"24":0,"25":0,"26":0,"27":0,"28":0,"29":0,"30":0,"31":0,"32":0,"33":0,"34":0,"35":0,"36":0,"37":0,"38":0,"39":1,"40":0,"41":0,"42":0,"43":0,"44":0,"45":0,"46":0,"47":0,"48":0,"49":1,"50":0,"51":0,"52":0,"53":0,"54":1,"55":0,"56":0,"57":0,"58":0,"59":1,"60":0,"61":0,"62":0,"63":0,"64":0,"65":0,"66":0,"67":0,"68":0,"69":0,"70":1,"71":0,"72":0,"73":0,"74":0,"75":0,"76":0,"77":0,"78":0,"79":0,"80":0,"81":1,"82":0,"83":0,"84":0,"85":0,"86":0,"87":0,"88":0,"89":0,"90":1,"91":0,"92":0,"93":0,"94":0,"95":0,"96":0,"97":1,"98":0,"99":0,"100":0,"101":0,"102":0,"103":0,"104":1,"105":0,"106":0,"107":0,"108":0,"109":0,"110":0,"111":1,"112":0,"113":0,"114":0,"115":0,"116":1,"117":0,"118":0,"119":0,"120":0,"121":1,"122":0,"123":0,"124":0,"125":0,"126":1,"127":0,"128":0,"129":0,"130":0,"131":1,"132":0,"133":0,"134":0,"135":0,"136":1,"137":0,"138":0,"139":0,"140":0,"141":1,"142":0,"143":0,"144":0,"145":0,"146":1,"147":0,"148":0,"149":0,"150":0,"151":1,"152":0,"153":0,"154":0,"155":0,"156":1,"157":0,"158":0,"159":0,"160":0,"161":1,"162":0,"163":0,"164":0,"165":0,"166":1,"167":0,"168":0,"169":0,"170":0,"171":1,"172":0,"173":0,"174":0,"175":0,"176":1,"177":0,"178":0,"179":0,"180":0,"181":0,"182":0,"183":0,"184":0,"185":0,"186":0,"187":1,"188":0,"189":0,"190":0,"191":0,"192":1,"193":0,"194":0,"195":0,"196":0,"197":1,"198":0,"199":0,"200":0,"201":0,"202":0,"203":0,"204":0,"205":0,"206":1,"207":0,"208":0,"209":0,"210":0,"211":0,"212":0,"213":0,"214":0,"215":0,"216":0,"217":0,"218":0,"219":0},"b":{"1":[0,0],"2":[0,0],"3":[0,0],"4":[0,0],"5":[0,0],"6":[0,0],"7":[0,0],"8":[0,0],"9":[0,0],"10":[0,0],"11":[0,0,0],"12":[0,0],"13":[0,0],"14":[0,0],"15":[0,0],"16":[0,0],"17":[0,0],"18":[0,0],"19":[0,0],"20":[0,0],"21":[0,0],"22":[0,0],"23":[0,0],"24":[0,0],"25":[0,0],"26":[0,0],"27":[0,0],"28":[0,0],"29":[0,0],"30":[0,0],"31":[0,0],"32":[0,0],"33":[0,0],"34":[0,0],"35":[0,0],"36":[0,0],"37":[0,0],"38":[0,0],"39":[0,0],"40":[0,0],"41":[0,0],"42":[0,0],"43":[0,0],"44":[0,0],"45":[0,0],"46":[0,0],"47":[0,0],"48":[0,0],"49":[0,0],"50":[0,0],"51":[0,0],"52":[0,0],"53":[0,0]},"f":{"1":0,"2":0,"3":0,"4":0,"5":0,"6":0,"7":0,"8":0,"9":0,"10":0,"11":0,"12":0,"13":0,"14":0,"15":0,"16":0,"17":0,"18":0,"19":0,"20":0,"21":0,"22":0,"23":0,"24":0,"25":0,"26":0,"27":0,"28":0,"29":0,"30":0,"31":0,"32":0,"33":0,"34":0},"fnMap":{"1":{"name":"(anonymous_1)","line":24,"loc":{"start":{"line":24,"column":17},"end":{"line":24,"column":39}}},"2":{"name":"call","line":31,"loc":{"start":{"line":31,"column":1},"end":{"line":31,"column":47}}},"3":{"name":"(anonymous_3)","line":56,"loc":{"start":{"line":56,"column":31},"end":{"line":56,"column":45}}},"4":{"name":"(anonymous_4)","line":61,"loc":{"start":{"line":61,"column":18},"end":{"line":61,"column":34}}},"5":{"name":"(anonymous_5)","line":65,"loc":{"start":{"line":65,"column":17},"end":{"line":65,"column":28}}},"6":{"name":"(anonymous_6)","line":82,"loc":{"start":{"line":82,"column":18},"end":{"line":82,"column":32}}},"7":{"name":"requestHandler","line":93,"loc":{"start":{"line":93,"column":1},"end":{"line":93,"column":35}}},"8":{"name":"(anonymous_8)","line":94,"loc":{"start":{"line":94,"column":9},"end":{"line":94,"column":49}}},"9":{"name":"userSelf","line":115,"loc":{"start":{"line":115,"column":1},"end":{"line":115,"column":21}}},"10":{"name":"user","line":124,"loc":{"start":{"line":124,"column":1},"end":{"line":124,"column":23}}},"11":{"name":"userSelfMedia","line":133,"loc":{"start":{"line":133,"column":1},"end":{"line":133,"column":33}}},"12":{"name":"userMedia","line":156,"loc":{"start":{"line":156,"column":1},"end":{"line":156,"column":37}}},"13":{"name":"userSelfMediaLiked","line":179,"loc":{"start":{"line":179,"column":1},"end":{"line":179,"column":38}}},"14":{"name":"userSearch","line":198,"loc":{"start":{"line":198,"column":1},"end":{"line":198,"column":36}}},"15":{"name":"userSelfFollows","line":214,"loc":{"start":{"line":214,"column":1},"end":{"line":214,"column":35}}},"16":{"name":"userSelfFollowedBy","line":227,"loc":{"start":{"line":227,"column":1},"end":{"line":227,"column":38}}},"17":{"name":"userSelfRequestedBy","line":239,"loc":{"start":{"line":239,"column":1},"end":{"line":239,"column":32}}},"18":{"name":"userRelationship","line":248,"loc":{"start":{"line":248,"column":1},"end":{"line":248,"column":35}}},"19":{"name":"setUserRelationship","line":257,"loc":{"start":{"line":257,"column":1},"end":{"line":257,"column":46}}},"20":{"name":"media","line":268,"loc":{"start":{"line":268,"column":1},"end":{"line":268,"column":25}}},"21":{"name":"mediaByShortcode","line":277,"loc":{"start":{"line":277,"column":1},"end":{"line":277,"column":38}}},"22":{"name":"mediaSearch","line":286,"loc":{"start":{"line":286,"column":1},"end":{"line":286,"column":31}}},"23":{"name":"mediaComments","line":299,"loc":{"start":{"line":299,"column":1},"end":{"line":299,"column":33}}},"24":{"name":"postMediaComment","line":308,"loc":{"start":{"line":308,"column":1},"end":{"line":308,"column":42}}},"25":{"name":"removeMediaComment","line":319,"loc":{"start":{"line":319,"column":1},"end":{"line":319,"column":49}}},"26":{"name":"mediaLikes","line":328,"loc":{"start":{"line":328,"column":1},"end":{"line":328,"column":30}}},"27":{"name":"postMediaLike","line":337,"loc":{"start":{"line":337,"column":1},"end":{"line":337,"column":33}}},"28":{"name":"removeMediaLike","line":346,"loc":{"start":{"line":346,"column":1},"end":{"line":346,"column":35}}},"29":{"name":"getTag","line":355,"loc":{"start":{"line":355,"column":1},"end":{"line":355,"column":26}}},"30":{"name":"getMediasByTag","line":364,"loc":{"start":{"line":364,"column":1},"end":{"line":364,"column":43}}},"31":{"name":"searchTags","line":387,"loc":{"start":{"line":387,"column":1},"end":{"line":387,"column":30}}},"32":{"name":"getLocation","line":398,"loc":{"start":{"line":398,"column":1},"end":{"line":398,"column":34}}},"33":{"name":"getMediasByLocation","line":407,"loc":{"start":{"line":407,"column":1},"end":{"line":407,"column":51}}},"34":{"name":"searchLocations","line":425,"loc":{"start":{"line":425,"column":1},"end":{"line":425,"column":35}}}},"statementMap":{"1":{"start":{"line":24,"column":0},"end":{"line":478,"column":2}},"2":{"start":{"line":25,"column":1},"end":{"line":25,"column":22}},"3":{"start":{"line":26,"column":1},"end":{"line":26,"column":30}},"4":{"start":{"line":27,"column":1},"end":{"line":27,"column":36}},"5":{"start":{"line":28,"column":1},"end":{"line":28,"column":32}},"6":{"start":{"line":29,"column":1},"end":{"line":29,"column":16}},"7":{"start":{"line":31,"column":1},"end":{"line":91,"column":2}},"8":{"start":{"line":32,"column":2},"end":{"line":32,"column":10}},"9":{"start":{"line":33,"column":2},"end":{"line":33,"column":18}},"10":{"start":{"line":34,"column":2},"end":{"line":34,"column":14}},"11":{"start":{"line":36,"column":2},"end":{"line":38,"column":3}},"12":{"start":{"line":37,"column":3},"end":{"line":37,"column":15}},"13":{"start":{"line":40,"column":2},"end":{"line":40,"column":36}},"14":{"start":{"line":42,"column":2},"end":{"line":48,"column":4}},"15":{"start":{"line":50,"column":2},"end":{"line":54,"column":3}},"16":{"start":{"line":51,"column":3},"end":{"line":51,"column":34}},"17":{"start":{"line":52,"column":3},"end":{"line":52,"column":73}},"18":{"start":{"line":53,"column":3},"end":{"line":53,"column":51}},"19":{"start":{"line":56,"column":2},"end":{"line":80,"column":5}},"20":{"start":{"line":57,"column":3},"end":{"line":57,"column":17}},"21":{"start":{"line":59,"column":3},"end":{"line":59,"column":27}},"22":{"start":{"line":61,"column":3},"end":{"line":63,"column":6}},"23":{"start":{"line":62,"column":4},"end":{"line":62,"column":18}},"24":{"start":{"line":65,"column":3},"end":{"line":79,"column":6}},"25":{"start":{"line":66,"column":4},"end":{"line":66,"column":15}},"26":{"start":{"line":67,"column":4},"end":{"line":67,"column":68}},"27":{"start":{"line":68,"column":4},"end":{"line":68,"column":76}},"28":{"start":{"line":70,"column":4},"end":{"line":76,"column":5}},"29":{"start":{"line":71,"column":5},"end":{"line":71,"column":31}},"30":{"start":{"line":73,"column":5},"end":{"line":73,"column":24}},"31":{"start":{"line":74,"column":5},"end":{"line":74,"column":19}},"32":{"start":{"line":75,"column":5},"end":{"line":75,"column":12}},"33":{"start":{"line":78,"column":4},"end":{"line":78,"column":45}},"34":{"start":{"line":82,"column":2},"end":{"line":84,"column":5}},"35":{"start":{"line":83,"column":3},"end":{"line":83,"column":24}},"36":{"start":{"line":86,"column":2},"end":{"line":88,"column":3}},"37":{"start":{"line":87,"column":3},"end":{"line":87,"column":19}},"38":{"start":{"line":90,"column":2},"end":{"line":90,"column":12}},"39":{"start":{"line":93,"column":1},"end":{"line":113,"column":2}},"40":{"start":{"line":94,"column":2},"end":{"line":112,"column":3}},"41":{"start":{"line":95,"column":3},"end":{"line":98,"column":4}},"42":{"start":{"line":96,"column":4},"end":{"line":96,"column":25}},"43":{"start":{"line":97,"column":4},"end":{"line":97,"column":11}},"44":{"start":{"line":100,"column":3},"end":{"line":111,"column":4}},"45":{"start":{"line":101,"column":4},"end":{"line":106,"column":7}},"46":{"start":{"line":107,"column":10},"end":{"line":111,"column":4}},"47":{"start":{"line":108,"column":4},"end":{"line":108,"column":33}},"48":{"start":{"line":110,"column":4},"end":{"line":110,"column":28}},"49":{"start":{"line":115,"column":1},"end":{"line":122,"column":2}},"50":{"start":{"line":116,"column":2},"end":{"line":116,"column":27}},"51":{"start":{"line":117,"column":2},"end":{"line":117,"column":18}},"52":{"start":{"line":119,"column":2},"end":{"line":119,"column":63}},"53":{"start":{"line":121,"column":2},"end":{"line":121,"column":26}},"54":{"start":{"line":124,"column":1},"end":{"line":131,"column":2}},"55":{"start":{"line":125,"column":2},"end":{"line":125,"column":27}},"56":{"start":{"line":126,"column":2},"end":{"line":126,"column":18}},"57":{"start":{"line":128,"column":2},"end":{"line":128,"column":68}},"58":{"start":{"line":130,"column":2},"end":{"line":130,"column":26}},"59":{"start":{"line":133,"column":1},"end":{"line":154,"column":2}},"60":{"start":{"line":134,"column":2},"end":{"line":134,"column":27}},"61":{"start":{"line":135,"column":2},"end":{"line":137,"column":4}},"62":{"start":{"line":139,"column":2},"end":{"line":141,"column":3}},"63":{"start":{"line":140,"column":3},"end":{"line":140,"column":32}},"64":{"start":{"line":143,"column":2},"end":{"line":145,"column":3}},"65":{"start":{"line":144,"column":3},"end":{"line":144,"column":34}},"66":{"start":{"line":147,"column":2},"end":{"line":149,"column":3}},"67":{"start":{"line":148,"column":3},"end":{"line":148,"column":34}},"68":{"start":{"line":151,"column":2},"end":{"line":151,"column":77}},"69":{"start":{"line":153,"column":2},"end":{"line":153,"column":26}},"70":{"start":{"line":156,"column":1},"end":{"line":177,"column":2}},"71":{"start":{"line":157,"column":2},"end":{"line":157,"column":27}},"72":{"start":{"line":158,"column":2},"end":{"line":160,"column":4}},"73":{"start":{"line":162,"column":2},"end":{"line":164,"column":3}},"74":{"start":{"line":163,"column":3},"end":{"line":163,"column":32}},"75":{"start":{"line":166,"column":2},"end":{"line":168,"column":3}},"76":{"start":{"line":167,"column":3},"end":{"line":167,"column":34}},"77":{"start":{"line":170,"column":2},"end":{"line":172,"column":3}},"78":{"start":{"line":171,"column":3},"end":{"line":171,"column":34}},"79":{"start":{"line":174,"column":2},"end":{"line":174,"column":87}},"80":{"start":{"line":176,"column":2},"end":{"line":176,"column":26}},"81":{"start":{"line":179,"column":1},"end":{"line":196,"column":2}},"82":{"start":{"line":180,"column":2},"end":{"line":180,"column":27}},"83":{"start":{"line":181,"column":2},"end":{"line":183,"column":4}},"84":{"start":{"line":185,"column":2},"end":{"line":187,"column":3}},"85":{"start":{"line":186,"column":3},"end":{"line":186,"column":32}},"86":{"start":{"line":189,"column":2},"end":{"line":191,"column":3}},"87":{"start":{"line":190,"column":3},"end":{"line":190,"column":44}},"88":{"start":{"line":193,"column":2},"end":{"line":193,"column":76}},"89":{"start":{"line":195,"column":2},"end":{"line":195,"column":26}},"90":{"start":{"line":198,"column":1},"end":{"line":212,"column":2}},"91":{"start":{"line":199,"column":2},"end":{"line":199,"column":27}},"92":{"start":{"line":200,"column":2},"end":{"line":203,"column":4}},"93":{"start":{"line":205,"column":2},"end":{"line":207,"column":3}},"94":{"start":{"line":206,"column":3},"end":{"line":206,"column":32}},"95":{"start":{"line":209,"column":2},"end":{"line":209,"column":65}},"96":{"start":{"line":211,"column":2},"end":{"line":211,"column":26}},"97":{"start":{"line":214,"column":1},"end":{"line":225,"column":2}},"98":{"start":{"line":215,"column":2},"end":{"line":215,"column":27}},"99":{"start":{"line":216,"column":2},"end":{"line":216,"column":18}},"100":{"start":{"line":218,"column":2},"end":{"line":220,"column":3}},"101":{"start":{"line":219,"column":3},"end":{"line":219,"column":34}},"102":{"start":{"line":222,"column":2},"end":{"line":222,"column":72}},"103":{"start":{"line":224,"column":2},"end":{"line":224,"column":26}},"104":{"start":{"line":227,"column":1},"end":{"line":237,"column":2}},"105":{"start":{"line":228,"column":2},"end":{"line":228,"column":27}},"106":{"start":{"line":229,"column":2},"end":{"line":229,"column":18}},"107":{"start":{"line":231,"column":2},"end":{"line":233,"column":3}},"108":{"start":{"line":232,"column":3},"end":{"line":232,"column":34}},"109":{"start":{"line":235,"column":2},"end":{"line":235,"column":76}},"110":{"start":{"line":236,"column":2},"end":{"line":236,"column":26}},"111":{"start":{"line":239,"column":1},"end":{"line":246,"column":2}},"112":{"start":{"line":240,"column":2},"end":{"line":240,"column":27}},"113":{"start":{"line":241,"column":2},"end":{"line":241,"column":18}},"114":{"start":{"line":243,"column":2},"end":{"line":243,"column":77}},"115":{"start":{"line":245,"column":2},"end":{"line":245,"column":26}},"116":{"start":{"line":248,"column":1},"end":{"line":255,"column":2}},"117":{"start":{"line":249,"column":2},"end":{"line":249,"column":27}},"118":{"start":{"line":250,"column":2},"end":{"line":250,"column":18}},"119":{"start":{"line":252,"column":2},"end":{"line":252,"column":86}},"120":{"start":{"line":254,"column":2},"end":{"line":254,"column":26}},"121":{"start":{"line":257,"column":1},"end":{"line":266,"column":2}},"122":{"start":{"line":258,"column":2},"end":{"line":258,"column":27}},"123":{"start":{"line":259,"column":2},"end":{"line":261,"column":4}},"124":{"start":{"line":263,"column":2},"end":{"line":263,"column":87}},"125":{"start":{"line":265,"column":2},"end":{"line":265,"column":26}},"126":{"start":{"line":268,"column":1},"end":{"line":275,"column":2}},"127":{"start":{"line":269,"column":2},"end":{"line":269,"column":27}},"128":{"start":{"line":270,"column":2},"end":{"line":270,"column":18}},"129":{"start":{"line":272,"column":2},"end":{"line":272,"column":69}},"130":{"start":{"line":274,"column":2},"end":{"line":274,"column":26}},"131":{"start":{"line":277,"column":1},"end":{"line":284,"column":2}},"132":{"start":{"line":278,"column":2},"end":{"line":278,"column":27}},"133":{"start":{"line":279,"column":2},"end":{"line":279,"column":18}},"134":{"start":{"line":281,"column":2},"end":{"line":281,"column":81}},"135":{"start":{"line":283,"column":2},"end":{"line":283,"column":26}},"136":{"start":{"line":286,"column":1},"end":{"line":297,"column":2}},"137":{"start":{"line":287,"column":2},"end":{"line":287,"column":27}},"138":{"start":{"line":288,"column":2},"end":{"line":292,"column":4}},"139":{"start":{"line":294,"column":2},"end":{"line":294,"column":65}},"140":{"start":{"line":296,"column":2},"end":{"line":296,"column":26}},"141":{"start":{"line":299,"column":1},"end":{"line":306,"column":2}},"142":{"start":{"line":300,"column":2},"end":{"line":300,"column":27}},"143":{"start":{"line":301,"column":2},"end":{"line":301,"column":18}},"144":{"start":{"line":303,"column":2},"end":{"line":303,"column":83}},"145":{"start":{"line":305,"column":2},"end":{"line":305,"column":26}},"146":{"start":{"line":308,"column":1},"end":{"line":317,"column":2}},"147":{"start":{"line":309,"column":2},"end":{"line":309,"column":27}},"148":{"start":{"line":310,"column":2},"end":{"line":312,"column":4}},"149":{"start":{"line":314,"column":2},"end":{"line":314,"column":84}},"150":{"start":{"line":316,"column":2},"end":{"line":316,"column":26}},"151":{"start":{"line":319,"column":1},"end":{"line":326,"column":2}},"152":{"start":{"line":320,"column":2},"end":{"line":320,"column":27}},"153":{"start":{"line":321,"column":2},"end":{"line":321,"column":18}},"154":{"start":{"line":323,"column":2},"end":{"line":323,"column":99}},"155":{"start":{"line":325,"column":2},"end":{"line":325,"column":26}},"156":{"start":{"line":328,"column":1},"end":{"line":335,"column":2}},"157":{"start":{"line":329,"column":2},"end":{"line":329,"column":27}},"158":{"start":{"line":330,"column":2},"end":{"line":330,"column":18}},"159":{"start":{"line":332,"column":2},"end":{"line":332,"column":80}},"160":{"start":{"line":334,"column":2},"end":{"line":334,"column":26}},"161":{"start":{"line":337,"column":1},"end":{"line":344,"column":2}},"162":{"start":{"line":338,"column":2},"end":{"line":338,"column":27}},"163":{"start":{"line":339,"column":2},"end":{"line":339,"column":18}},"164":{"start":{"line":341,"column":2},"end":{"line":341,"column":81}},"165":{"start":{"line":343,"column":2},"end":{"line":343,"column":26}},"166":{"start":{"line":346,"column":1},"end":{"line":353,"column":2}},"167":{"start":{"line":347,"column":2},"end":{"line":347,"column":27}},"168":{"start":{"line":348,"column":2},"end":{"line":348,"column":18}},"169":{"start":{"line":350,"column":2},"end":{"line":350,"column":83}},"170":{"start":{"line":352,"column":2},"end":{"line":352,"column":26}},"171":{"start":{"line":355,"column":1},"end":{"line":362,"column":2}},"172":{"start":{"line":356,"column":2},"end":{"line":356,"column":27}},"173":{"start":{"line":357,"column":2},"end":{"line":357,"column":18}},"174":{"start":{"line":359,"column":2},"end":{"line":359,"column":68}},"175":{"start":{"line":361,"column":2},"end":{"line":361,"column":26}},"176":{"start":{"line":364,"column":1},"end":{"line":385,"column":2}},"177":{"start":{"line":365,"column":2},"end":{"line":365,"column":27}},"178":{"start":{"line":366,"column":2},"end":{"line":368,"column":4}},"179":{"start":{"line":370,"column":2},"end":{"line":372,"column":3}},"180":{"start":{"line":371,"column":3},"end":{"line":371,"column":32}},"181":{"start":{"line":374,"column":2},"end":{"line":376,"column":3}},"182":{"start":{"line":375,"column":3},"end":{"line":375,"column":42}},"183":{"start":{"line":378,"column":2},"end":{"line":380,"column":3}},"184":{"start":{"line":379,"column":3},"end":{"line":379,"column":42}},"185":{"start":{"line":382,"column":2},"end":{"line":382,"column":86}},"186":{"start":{"line":384,"column":2},"end":{"line":384,"column":26}},"187":{"start":{"line":387,"column":1},"end":{"line":396,"column":2}},"188":{"start":{"line":388,"column":2},"end":{"line":388,"column":27}},"189":{"start":{"line":389,"column":2},"end":{"line":391,"column":4}},"190":{"start":{"line":393,"column":2},"end":{"line":393,"column":64}},"191":{"start":{"line":395,"column":2},"end":{"line":395,"column":26}},"192":{"start":{"line":398,"column":1},"end":{"line":405,"column":2}},"193":{"start":{"line":399,"column":2},"end":{"line":399,"column":27}},"194":{"start":{"line":400,"column":2},"end":{"line":400,"column":18}},"195":{"start":{"line":402,"column":2},"end":{"line":402,"column":76}},"196":{"start":{"line":404,"column":2},"end":{"line":404,"column":26}},"197":{"start":{"line":407,"column":1},"end":{"line":423,"column":2}},"198":{"start":{"line":408,"column":2},"end":{"line":408,"column":27}},"199":{"start":{"line":410,"column":2},"end":{"line":410,"column":18}},"200":{"start":{"line":412,"column":2},"end":{"line":414,"column":3}},"201":{"start":{"line":413,"column":3},"end":{"line":413,"column":34}},"202":{"start":{"line":416,"column":2},"end":{"line":418,"column":3}},"203":{"start":{"line":417,"column":3},"end":{"line":417,"column":34}},"204":{"start":{"line":420,"column":2},"end":{"line":420,"column":94}},"205":{"start":{"line":422,"column":2},"end":{"line":422,"column":26}},"206":{"start":{"line":425,"column":1},"end":{"line":448,"column":2}},"207":{"start":{"line":426,"column":2},"end":{"line":426,"column":27}},"208":{"start":{"line":427,"column":2},"end":{"line":427,"column":18}},"209":{"start":{"line":429,"column":2},"end":{"line":431,"column":3}},"210":{"start":{"line":430,"column":3},"end":{"line":430,"column":28}},"211":{"start":{"line":433,"column":2},"end":{"line":435,"column":3}},"212":{"start":{"line":434,"column":3},"end":{"line":434,"column":28}},"213":{"start":{"line":437,"column":2},"end":{"line":439,"column":3}},"214":{"start":{"line":438,"column":3},"end":{"line":438,"column":38}},"215":{"start":{"line":441,"column":2},"end":{"line":443,"column":3}},"216":{"start":{"line":442,"column":3},"end":{"line":442,"column":58}},"217":{"start":{"line":445,"column":2},"end":{"line":445,"column":69}},"218":{"start":{"line":447,"column":2},"end":{"line":447,"column":26}},"219":{"start":{"line":450,"column":1},"end":{"line":477,"column":3}}},"branchMap":{"1":{"line":36,"type":"if","locations":[{"start":{"line":36,"column":2},"end":{"line":36,"column":2}},{"start":{"line":36,"column":2},"end":{"line":36,"column":2}}]},"2":{"line":46,"type":"cond-expr","locations":[{"start":{"line":46,"column":67},"end":{"line":46,"column":96}},{"start":{"line":46,"column":99},"end":{"line":46,"column":101}}]},"3":{"line":46,"type":"binary-expr","locations":[{"start":{"line":46,"column":25},"end":{"line":46,"column":41}},{"start":{"line":46,"column":45},"end":{"line":46,"column":64}}]},"4":{"line":50,"type":"if","locations":[{"start":{"line":50,"column":2},"end":{"line":50,"column":2}},{"start":{"line":50,"column":2},"end":{"line":50,"column":2}}]},"5":{"line":50,"type":"binary-expr","locations":[{"start":{"line":50,"column":6},"end":{"line":50,"column":22}},{"start":{"line":50,"column":26},"end":{"line":50,"column":45}}]},"6":{"line":67,"type":"binary-expr","locations":[{"start":{"line":67,"column":16},"end":{"line":67,"column":62}},{"start":{"line":67,"column":66},"end":{"line":67,"column":67}}]},"7":{"line":68,"type":"binary-expr","locations":[{"start":{"line":68,"column":20},"end":{"line":68,"column":70}},{"start":{"line":68,"column":74},"end":{"line":68,"column":75}}]},"8":{"line":86,"type":"if","locations":[{"start":{"line":86,"column":2},"end":{"line":86,"column":2}},{"start":{"line":86,"column":2},"end":{"line":86,"column":2}}]},"9":{"line":95,"type":"if","locations":[{"start":{"line":95,"column":3},"end":{"line":95,"column":3}},{"start":{"line":95,"column":3},"end":{"line":95,"column":3}}]},"10":{"line":100,"type":"if","locations":[{"start":{"line":100,"column":3},"end":{"line":100,"column":3}},{"start":{"line":100,"column":3},"end":{"line":100,"column":3}}]},"11":{"line":100,"type":"binary-expr","locations":[{"start":{"line":100,"column":7},"end":{"line":100,"column":13}},{"start":{"line":100,"column":17},"end":{"line":100,"column":28}},{"start":{"line":100,"column":32},"end":{"line":100,"column":56}}]},"12":{"line":107,"type":"if","locations":[{"start":{"line":107,"column":10},"end":{"line":107,"column":10}},{"start":{"line":107,"column":10},"end":{"line":107,"column":10}}]},"13":{"line":107,"type":"binary-expr","locations":[{"start":{"line":107,"column":14},"end":{"line":107,"column":20}},{"start":{"line":107,"column":24},"end":{"line":107,"column":35}}]},"14":{"line":139,"type":"if","locations":[{"start":{"line":139,"column":2},"end":{"line":139,"column":2}},{"start":{"line":139,"column":2},"end":{"line":139,"column":2}}]},"15":{"line":139,"type":"binary-expr","locations":[{"start":{"line":139,"column":5},"end":{"line":139,"column":12}},{"start":{"line":139,"column":16},"end":{"line":139,"column":29}}]},"16":{"line":143,"type":"if","locations":[{"start":{"line":143,"column":2},"end":{"line":143,"column":2}},{"start":{"line":143,"column":2},"end":{"line":143,"column":2}}]},"17":{"line":143,"type":"binary-expr","locations":[{"start":{"line":143,"column":5},"end":{"line":143,"column":12}},{"start":{"line":143,"column":16},"end":{"line":143,"column":30}}]},"18":{"line":147,"type":"if","locations":[{"start":{"line":147,"column":2},"end":{"line":147,"column":2}},{"start":{"line":147,"column":2},"end":{"line":147,"column":2}}]},"19":{"line":147,"type":"binary-expr","locations":[{"start":{"line":147,"column":5},"end":{"line":147,"column":12}},{"start":{"line":147,"column":16},"end":{"line":147,"column":30}}]},"20":{"line":162,"type":"if","locations":[{"start":{"line":162,"column":2},"end":{"line":162,"column":2}},{"start":{"line":162,"column":2},"end":{"line":162,"column":2}}]},"21":{"line":162,"type":"binary-expr","locations":[{"start":{"line":162,"column":5},"end":{"line":162,"column":12}},{"start":{"line":162,"column":16},"end":{"line":162,"column":29}}]},"22":{"line":166,"type":"if","locations":[{"start":{"line":166,"column":2},"end":{"line":166,"column":2}},{"start":{"line":166,"column":2},"end":{"line":166,"column":2}}]},"23":{"line":166,"type":"binary-expr","locations":[{"start":{"line":166,"column":5},"end":{"line":166,"column":12}},{"start":{"line":166,"column":16},"end":{"line":166,"column":30}}]},"24":{"line":170,"type":"if","locations":[{"start":{"line":170,"column":2},"end":{"line":170,"column":2}},{"start":{"line":170,"column":2},"end":{"line":170,"column":2}}]},"25":{"line":170,"type":"binary-expr","locations":[{"start":{"line":170,"column":5},"end":{"line":170,"column":12}},{"start":{"line":170,"column":16},"end":{"line":170,"column":30}}]},"26":{"line":185,"type":"if","locations":[{"start":{"line":185,"column":2},"end":{"line":185,"column":2}},{"start":{"line":185,"column":2},"end":{"line":185,"column":2}}]},"27":{"line":185,"type":"binary-expr","locations":[{"start":{"line":185,"column":5},"end":{"line":185,"column":12}},{"start":{"line":185,"column":16},"end":{"line":185,"column":29}}]},"28":{"line":189,"type":"if","locations":[{"start":{"line":189,"column":2},"end":{"line":189,"column":2}},{"start":{"line":189,"column":2},"end":{"line":189,"column":2}}]},"29":{"line":189,"type":"binary-expr","locations":[{"start":{"line":189,"column":5},"end":{"line":189,"column":12}},{"start":{"line":189,"column":16},"end":{"line":189,"column":35}}]},"30":{"line":205,"type":"if","locations":[{"start":{"line":205,"column":2},"end":{"line":205,"column":2}},{"start":{"line":205,"column":2},"end":{"line":205,"column":2}}]},"31":{"line":205,"type":"binary-expr","locations":[{"start":{"line":205,"column":5},"end":{"line":205,"column":12}},{"start":{"line":205,"column":16},"end":{"line":205,"column":29}}]},"32":{"line":218,"type":"if","locations":[{"start":{"line":218,"column":2},"end":{"line":218,"column":2}},{"start":{"line":218,"column":2},"end":{"line":218,"column":2}}]},"33":{"line":218,"type":"binary-expr","locations":[{"start":{"line":218,"column":5},"end":{"line":218,"column":12}},{"start":{"line":218,"column":16},"end":{"line":218,"column":30}}]},"34":{"line":231,"type":"if","locations":[{"start":{"line":231,"column":2},"end":{"line":231,"column":2}},{"start":{"line":231,"column":2},"end":{"line":231,"column":2}}]},"35":{"line":231,"type":"binary-expr","locations":[{"start":{"line":231,"column":5},"end":{"line":231,"column":12}},{"start":{"line":231,"column":16},"end":{"line":231,"column":30}}]},"36":{"line":370,"type":"if","locations":[{"start":{"line":370,"column":2},"end":{"line":370,"column":2}},{"start":{"line":370,"column":2},"end":{"line":370,"column":2}}]},"37":{"line":370,"type":"binary-expr","locations":[{"start":{"line":370,"column":5},"end":{"line":370,"column":12}},{"start":{"line":370,"column":16},"end":{"line":370,"column":29}}]},"38":{"line":374,"type":"if","locations":[{"start":{"line":374,"column":2},"end":{"line":374,"column":2}},{"start":{"line":374,"column":2},"end":{"line":374,"column":2}}]},"39":{"line":374,"type":"binary-expr","locations":[{"start":{"line":374,"column":5},"end":{"line":374,"column":12}},{"start":{"line":374,"column":16},"end":{"line":374,"column":34}}]},"40":{"line":378,"type":"if","locations":[{"start":{"line":378,"column":2},"end":{"line":378,"column":2}},{"start":{"line":378,"column":2},"end":{"line":378,"column":2}}]},"41":{"line":378,"type":"binary-expr","locations":[{"start":{"line":378,"column":5},"end":{"line":378,"column":12}},{"start":{"line":378,"column":16},"end":{"line":378,"column":34}}]},"42":{"line":412,"type":"if","locations":[{"start":{"line":412,"column":2},"end":{"line":412,"column":2}},{"start":{"line":412,"column":2},"end":{"line":412,"column":2}}]},"43":{"line":412,"type":"binary-expr","locations":[{"start":{"line":412,"column":5},"end":{"line":412,"column":12}},{"start":{"line":412,"column":16},"end":{"line":412,"column":30}}]},"44":{"line":416,"type":"if","locations":[{"start":{"line":416,"column":2},"end":{"line":416,"column":2}},{"start":{"line":416,"column":2},"end":{"line":416,"column":2}}]},"45":{"line":416,"type":"binary-expr","locations":[{"start":{"line":416,"column":5},"end":{"line":416,"column":12}},{"start":{"line":416,"column":16},"end":{"line":416,"column":30}}]},"46":{"line":429,"type":"if","locations":[{"start":{"line":429,"column":2},"end":{"line":429,"column":2}},{"start":{"line":429,"column":2},"end":{"line":429,"column":2}}]},"47":{"line":429,"type":"binary-expr","locations":[{"start":{"line":429,"column":5},"end":{"line":429,"column":12}},{"start":{"line":429,"column":16},"end":{"line":429,"column":27}}]},"48":{"line":433,"type":"if","locations":[{"start":{"line":433,"column":2},"end":{"line":433,"column":2}},{"start":{"line":433,"column":2},"end":{"line":433,"column":2}}]},"49":{"line":433,"type":"binary-expr","locations":[{"start":{"line":433,"column":5},"end":{"line":433,"column":12}},{"start":{"line":433,"column":16},"end":{"line":433,"column":27}}]},"50":{"line":437,"type":"if","locations":[{"start":{"line":437,"column":2},"end":{"line":437,"column":2}},{"start":{"line":437,"column":2},"end":{"line":437,"column":2}}]},"51":{"line":437,"type":"binary-expr","locations":[{"start":{"line":437,"column":5},"end":{"line":437,"column":12}},{"start":{"line":437,"column":16},"end":{"line":437,"column":32}}]},"52":{"line":441,"type":"if","locations":[{"start":{"line":441,"column":2},"end":{"line":441,"column":2}},{"start":{"line":441,"column":2},"end":{"line":441,"column":2}}]},"53":{"line":441,"type":"binary-expr","locations":[{"start":{"line":441,"column":5},"end":{"line":441,"column":12}},{"start":{"line":441,"column":16},"end":{"line":441,"column":42}}]}},"code":["// Copyright Guilherme Farias. and other Contributors","//","// Permission is hereby granted, free of charge, to any person","// obtaining a copy of this software and associated documentation","// files (the \"Software\"), to deal in the Software without","// restriction, including without limitation the rights to use,","// copy, modify, merge, publish, distribute, sublicense, and/or sell","// copies of the Software, and to permit persons to whom the","// Software is furnished to do so, subject to the following","// conditions:","//","// The above copyright notice and this permission notice shall be","// included in all copies or substantial portions of the Software.","//","// THE SOFTWARE IS PROVIDED \"AS IS\", WITHOUT WARRANTY OF ANY KIND,","// EXPRESS OR IMPLIED, INCLUDING BUT NOT LIMITED TO THE WARRANTIES","// OF MERCHANTABILITY, FITNESS FOR A PARTICULAR PURPOSE AND","// NONINFRINGEMENT. IN NO EVENT SHALL THE AUTHORS OR COPYRIGHT","// HOLDERS BE LIABLE FOR ANY CLAIM, DAMAGES OR OTHER LIABILITY,","// WHETHER IN AN ACTION OF CONTRACT, TORT OR OTHERWISE, ARISING","// FROM, OUT OF OR IN CONNECTION WITH THE SOFTWARE OR THE USE OR","// OTHER DEALINGS IN THE SOFTWARE.","","module.exports = function(accessToken) {","\tvar q = require('q');","\tvar https = require('https');","\tvar query = require('querystring');","\tvar host = 'api.instagram.com';","\tvar port = 443;","","\tfunction call(method, path, params, callback) {","\t\tvar req;","\t\tvar data = null;","\t\tvar options;","","\t\tif (!params) {","\t\t\tparams = {};","\t\t}","","\t\tparams.access_token = accessToken;","","\t\toptions = {","\t\t\thost: host,","\t\t\tport: port,","\t\t\tmethod: method,","\t\t\tpath: '/v1' + path + (method === 'GET' || method === 'DELETE' ? '?' + query.stringify(params) : ''),","\t\t\theaders: {}","\t\t};","","\t\tif (method !== 'GET' && method !== 'DELETE') {","\t\t\tdata = query.stringify(params);","\t\t\toptions.headers['Content-Type'] = 'application/x-www-form-urlencoded';","\t\t\toptions.headers['Content-Length'] = data.length;","\t\t}","","\t\treq = https.request(options, function(res) {","\t\t\tvar body = '';","","\t\t\tres.setEncoding('utf8');","","\t\t\tres.on('data', function(chunk) {","\t\t\t\tbody += chunk;","\t\t\t});","","\t\t\tres.on('end', function() {","\t\t\t\tvar result;","\t\t\t\tvar limit = parseInt(res.headers['x-ratelimit-limit'], 10) || 0;","\t\t\t\tvar remaining = parseInt(res.headers['x-ratelimit-remaining'], 10) || 0;","","\t\t\t\ttry {","\t\t\t\t\tresult = JSON.parse(body);","\t\t\t\t} catch (err) {","\t\t\t\t\terr.details = body;","\t\t\t\t\tcallback(err);","\t\t\t\t\treturn;","\t\t\t\t}","","\t\t\t\tcallback(null, result, remaining, limit);","\t\t\t});","\t\t});","","\t\treq.on('error', function(err) {","\t\t\treturn callback(err);","\t\t});","","\t\tif (data !== null) {","\t\t\treq.write(data);","\t\t}","","\t\treq.end();","\t};","","\tfunction requestHandler(deferred) {","\t\treturn function(err, result, remaining, limit) {","\t\t\tif (err) {","\t\t\t\tdeferred.reject(err);","\t\t\t\treturn;","\t\t\t}","","\t\t\tif (result && result.meta && result.meta.code === 200) {","\t\t\t\treturn deferred.resolve({","\t\t\t\t\tdata: result.data,","\t\t\t\t\tpagination: result.pagination,","\t\t\t\t\tlimit: limit,","\t\t\t\t\tremaining: remaining","\t\t\t\t});","\t\t\t} else if (result && result.meta) {","\t\t\t\tdeferred.reject(result.meta);","\t\t\t} else {","\t\t\t\tdeferred.reject(result);","\t\t\t}","\t\t}","\t};","","\tfunction userSelf() {","\t\tvar deferred = q.defer();","\t\tvar params = {};","","\t\tcall('GET', '/users/self', params, requestHandler(deferred));","","\t\treturn deferred.promise;","\t};","","\tfunction user(userId) {","\t\tvar deferred = q.defer();","\t\tvar params = {};","","\t\tcall('GET', '/users/' + userId, params, requestHandler(deferred));","","\t\treturn deferred.promise;","\t};","","\tfunction userSelfMedia(options) {","\t\tvar deferred = q.defer();","\t\tvar params = {","\t\t\tcount: 50","\t\t};","","\t\tif(options && options.count){","\t\t\tparams.count = options.count;","\t\t}","","\t\tif(options && options.min_id){","\t\t\tparams.min_id = options.min_id;","\t\t}","","\t\tif(options && options.max_id){","\t\t\tparams.max_id = options.max_id;","\t\t}","","\t\tcall('GET', '/users/self/media/recent/', params, requestHandler(deferred));","","\t\treturn deferred.promise;","\t};","","\tfunction userMedia(userId, options) {","\t\tvar deferred = q.defer();","\t\tvar params = {","\t\t\tcount: 50","\t\t};","","\t\tif(options && options.count){","\t\t\tparams.count = options.count;","\t\t}","","\t\tif(options && options.min_id){","\t\t\tparams.min_id = options.min_id;","\t\t}","","\t\tif(options && options.max_id){","\t\t\tparams.max_id = options.max_id;","\t\t}","","\t\tcall('GET', '/users/' + userId + '/media/recent/', params, requestHandler(deferred));","","\t\treturn deferred.promise;","\t};","","\tfunction userSelfMediaLiked(options) {","\t\tvar deferred = q.defer();","\t\tvar params = {","\t\t\tcount: 50","\t\t};","","\t\tif(options && options.count){","\t\t\tparams.count = options.count;","\t\t}","","\t\tif(options && options.max_like_id){","\t\t\tparams.max_like_id = options.max_like_id;","\t\t}","","\t\tcall('GET', '/users/self/media/liked/', params, requestHandler(deferred));","","\t\treturn deferred.promise;","\t};","","\tfunction userSearch(term, options) {","\t\tvar deferred = q.defer();","\t\tvar params = {","\t\t\tq: term,","\t\t\tcount: 50","\t\t};","","\t\tif(options && options.count){","\t\t\tparams.count = options.count;","\t\t}","","\t\tcall('GET', '/users/search', params, requestHandler(deferred));","","\t\treturn deferred.promise;","\t};","","\tfunction userSelfFollows(options) {","\t\tvar deferred = q.defer();","\t\tvar params = {};","","\t\tif(options && options.cursor){","\t\t\tparams.cursor = options.cursor;","\t\t}","","\t\tcall('GET', '/users/self/follows/', params, requestHandler(deferred));","","\t\treturn deferred.promise;","\t};","","\tfunction userSelfFollowedBy(options) {","\t\tvar deferred = q.defer();","\t\tvar params = {};","","\t\tif(options && options.cursor){","\t\t\tparams.cursor = options.cursor;","\t\t}","","\t\tcall('GET', '/users/self/followed-by/', params, requestHandler(deferred));","\t\treturn deferred.promise;","\t};","","\tfunction userSelfRequestedBy() {","\t\tvar deferred = q.defer();","\t\tvar params = {};","","\t\tcall('GET', '/users/self/requested-by/', params, requestHandler(deferred));","","\t\treturn deferred.promise;","\t};","","\tfunction userRelationship(userId) {","\t\tvar deferred = q.defer();","\t\tvar params = {};","","\t\tcall('GET', '/users/' + userId + '/relationship', params, requestHandler(deferred));","","\t\treturn deferred.promise;","\t};","","\tfunction setUserRelationship(userId, action) {","\t\tvar deferred = q.defer();","\t\tvar params = {","\t\t\taction: action","\t\t};","","\t\tcall('POST', '/users/' + userId + '/relationship', params, requestHandler(deferred));","","\t\treturn deferred.promise;","\t};","","\tfunction media(mediaId) {","\t\tvar deferred = q.defer();","\t\tvar params = {};","","\t\tcall('GET', '/media/' + mediaId, params, requestHandler(deferred));","","\t\treturn deferred.promise;","\t};","","\tfunction mediaByShortcode(shortcode) {","\t\tvar deferred = q.defer();","\t\tvar params = {};","","\t\tcall('GET', '/media/shortcode/' + shortcode, params, requestHandler(deferred));","","\t\treturn deferred.promise;","\t};","","\tfunction mediaSearch(options) {","\t\tvar deferred = q.defer();","\t\tvar params = {","\t\t\tlat: options.lat,","\t\t\tlng: options.lng,","\t\t\tdistance: options.distance","\t\t};","","\t\tcall('GET', '/media/search', params, requestHandler(deferred));","","\t\treturn deferred.promise;","\t};","","\tfunction mediaComments(mediaId) {","\t\tvar deferred = q.defer();","\t\tvar params = {};","","\t\tcall('GET', '/media/' + mediaId + '/comments', params, requestHandler(deferred));","","\t\treturn deferred.promise;","\t};","","\tfunction postMediaComment(mediaId, text) {","\t\tvar deferred = q.defer();","\t\tvar params = {","\t\t\ttext: text","\t\t};","","\t\tcall('POST', '/media/' + mediaId + '/comments', params, requestHandler(deferred));","","\t\treturn deferred.promise;","\t};","","\tfunction removeMediaComment(mediaId, commentId) {","\t\tvar deferred = q.defer();","\t\tvar params = {};","","\t\tcall('DELETE', '/media/' + mediaId + '/comments/' + commentId, params, requestHandler(deferred));","","\t\treturn deferred.promise;","\t};","","\tfunction mediaLikes(mediaId) {","\t\tvar deferred = q.defer();","\t\tvar params = {};","","\t\tcall('GET', '/media/' + mediaId + '/likes', params, requestHandler(deferred));","","\t\treturn deferred.promise;","\t};","","\tfunction postMediaLike(mediaId) {","\t\tvar deferred = q.defer();","\t\tvar params = {};","","\t\tcall('POST', '/media/' + mediaId + '/likes', params, requestHandler(deferred));","","\t\treturn deferred.promise;","\t};","","\tfunction removeMediaLike(mediaId) {","\t\tvar deferred = q.defer();","\t\tvar params = {};","","\t\tcall('DELETE', '/media/' + mediaId + '/likes', params, requestHandler(deferred));","","\t\treturn deferred.promise;","\t};","","\tfunction getTag(tagName) {","\t\tvar deferred = q.defer();","\t\tvar params = {};","","\t\tcall('GET', '/tags/' + tagName, params, requestHandler(deferred));","","\t\treturn deferred.promise;","\t};","","\tfunction getMediasByTag(tagName, options) {","\t\tvar deferred = q.defer();","\t\tvar params = {","\t\t\tcount: 50","\t\t};","","\t\tif(options && options.count){","\t\t\tparams.count = options.count;","\t\t}","","\t\tif(options && options.min_tag_id){","\t\t\tparams.min_tag_id = options.min_tag_id;","\t\t}","","\t\tif(options && options.max_tag_id){","\t\t\tparams.max_tag_id = options.max_tag_id;","\t\t}","","\t\tcall('GET', '/tags/' + tagName + '/media/recent', params, requestHandler(deferred));","","\t\treturn deferred.promise;","\t};","","\tfunction searchTags(tagName) {","\t\tvar deferred = q.defer();","\t\tvar params = {","\t\t\tq: tagName","\t\t};","","\t\tcall('GET', '/tags/search', params, requestHandler(deferred));","","\t\treturn deferred.promise;","\t};","","\tfunction getLocation(locationId) {","\t\tvar deferred = q.defer();","\t\tvar params = {};","","\t\tcall('GET', '/locations/' + locationId, params, requestHandler(deferred));","","\t\treturn deferred.promise;","\t};","","\tfunction getMediasByLocation(locationId, options) {","\t\tvar deferred = q.defer();","","\t\tvar params = {};","","\t\tif(options && options.min_id){","\t\t\tparams.min_id = options.min_id;","\t\t}","","\t\tif(options && options.max_id){","\t\t\tparams.max_id = options.max_id;","\t\t}","","\t\tcall('GET', '/locations/' + locationId + '/media/recent', params, requestHandler(deferred));","","\t\treturn deferred.promise;","\t};","","\tfunction searchLocations(options) {","\t\tvar deferred = q.defer();","\t\tvar params = {};","","\t\tif(options && options.lat){","\t\t\tparams.lat = options.lat;","\t\t}","","\t\tif(options && options.lng){","\t\t\tparams.lng = options.lng;","\t\t}","","\t\tif(options && options.distance){","\t\t\tparams.distance = options.distance;","\t\t}","","\t\tif(options && options.facebook_places_id){","\t\t\tparams.facebook_places_id = options.facebook_places_id;","\t\t}","","\t\tcall('GET', '/locations/search', params, requestHandler(deferred));","","\t\treturn deferred.promise;","\t};","","\treturn {","\t\tuserSelf: userSelf,","\t\tuser: user,","\t\tuserSelfMedia: userSelfMedia,","\t\tuserMedia: userMedia,","\t\tuserSelfMediaLiked: userSelfMediaLiked,","\t\tuserSearch: userSearch,","\t\tuserSelfFollows: userSelfFollows,","\t\tuserSelfFollowedBy: userSelfFollowedBy,","\t\tuserSelfRequestedBy: userSelfRequestedBy,","\t\tuserRelationship: userRelationship,","\t\tsetUserRelationship: setUserRelationship,","\t\tmedia: media,","\t\tmediaByShortcode: mediaByShortcode,","\t\tmediaSearch: mediaSearch,","\t\tmediaComments: mediaComments,","\t\tpostMediaComment: postMediaComment,","\t\tremoveMediaComment: removeMediaComment,","\t\tmediaLikes: mediaLikes,","\t\tpostMediaLike: postMediaLike,","\t\tremoveMediaLike: removeMediaLike,","\t\tgetTag: getTag,","\t\tgetMediasByTag: getMediasByTag,","\t\tsearchTags: searchTags,","\t\tgetLocation: getLocation,","\t\tgetMediasByLocation: getMediasByLocation,","\t\tsearchLocations: searchLocations","\t};","};",""],"l":{"24":1,"25":0,"26":0,"27":0,"28":0,"29":0,"31":1,"32":0,"33":0,"34":0,"36":0,"37":0,"40":0,"42":0,"50":0,"51":0,"52":0,"53":0,"56":0,"57":0,"59":0,"61":0,"62":0,"65":0,"66":0,"67":0,"68":0,"70":0,"71":0,"73":0,"74":0,"75":0,"78":0,"82":0,"83":0,"86":0,"87":0,"90":0,"93":1,"94":0,"95":0,"96":0,"97":0,"100":0,"101":0,"107":0,"108":0,"110":0,"115":1,"116":0,"117":0,"119":0,"121":0,"124":1,"125":0,"126":0,"128":0,"130":0,"133":1,"134":0,"135":0,"139":0,"140":0,"143":0,"144":0,"147":0,"148":0,"151":0,"153":0,"156":1,"157":0,"158":0,"162":0,"163":0,"166":0,"167":0,"170":0,"171":0,"174":0,"176":0,"179":1,"180":0,"181":0,"185":0,"186":0,"189":0,"190":0,"193":0,"195":0,"198":1,"199":0,"200":0,"205":0,"206":0,"209":0,"211":0,"214":1,"215":0,"216":0,"218":0,"219":0,"222":0,"224":0,"227":1,"228":0,"229":0,"231":0,"232":0,"235":0,"236":0,"239":1,"240":0,"241":0,"243":0,"245":0,"248":1,"249":0,"250":0,"252":0,"254":0,"257":1,"258":0,"259":0,"263":0,"265":0,"268":1,"269":0,"270":0,"272":0,"274":0,"277":1,"278":0,"279":0,"281":0,"283":0,"286":1,"287":0,"288":0,"294":0,"296":0,"299":1,"300":0,"301":0,"303":0,"305":0,"308":1,"309":0,"310":0,"314":0,"316":0,"319":1,"320":0,"321":0,"323":0,"325":0,"328":1,"329":0,"330":0,"332":0,"334":0,"337":1,"338":0,"339":0,"341":0,"343":0,"346":1,"347":0,"348":0,"350":0,"352":0,"355":1,"356":0,"357":0,"359":0,"361":0,"364":1,"365":0,"366":0,"370":0,"371":0,"374":0,"375":0,"378":0,"379":0,"382":0,"384":0,"387":1,"388":0,"389":0,"393":0,"395":0,"398":1,"399":0,"400":0,"402":0,"404":0,"407":1,"408":0,"410":0,"412":0,"413":0,"416":0,"417":0,"420":0,"422":0,"425":1,"426":0,"427":0,"429":0,"430":0,"433":0,"434":0,"437":0,"438":0,"441":0,"442":0,"445":0,"447":0,"450":0}}}